<?xml version="1.0" encoding="UTF-8"?>
<coverage generated="1779279781620" clover="3.2.0">
  <project timestamp="1779279781621" name="All files">
    <metrics statements="410" coveredstatements="404" conditionals="415" coveredconditionals="377" methods="120" coveredmethods="118" elements="945" coveredelements="899" complexity="0" loc="410" ncloc="410" packages="8" files="27" classes="27"/>
    <package name="components">
      <metrics statements="143" coveredstatements="138" conditionals="200" coveredconditionals="185" methods="40" coveredmethods="40"/>
      <file name="Card.tsx" path="C:\Users\DINH\OneDrive\Documents\PokeGames\FrontEnd\src\app\components\Card.tsx">
        <metrics statements="6" coveredstatements="5" conditionals="28" coveredconditionals="23" methods="1" coveredmethods="1"/>
        <line num="25" count="4" type="stmt"/>
        <line num="49" count="46" type="stmt"/>
        <line num="61" count="46" type="stmt"/>
        <line num="139" count="46" type="cond" truecount="1" falsecount="1"/>
        <line num="140" count="0" type="stmt"/>
        <line num="143" count="46" type="stmt"/>
      </file>
      <file name="DescriptionCard.tsx" path="C:\Users\DINH\OneDrive\Documents\PokeGames\FrontEnd\src\app\components\DescriptionCard.tsx">
        <metrics statements="3" coveredstatements="3" conditionals="4" coveredconditionals="4" methods="5" coveredmethods="5"/>
        <line num="17" count="12" type="stmt"/>
        <line num="43" count="2" type="stmt"/>
        <line num="53" count="2" type="stmt"/>
      </file>
      <file name="Footer.tsx" path="C:\Users\DINH\OneDrive\Documents\PokeGames\FrontEnd\src\app\components\Footer.tsx">
        <metrics statements="1" coveredstatements="1" conditionals="0" coveredconditionals="0" methods="1" coveredmethods="1"/>
        <line num="2" count="6" type="stmt"/>
      </file>
      <file name="GameLayout.tsx" path="C:\Users\DINH\OneDrive\Documents\PokeGames\FrontEnd\src\app\components\GameLayout.tsx">
        <metrics statements="8" coveredstatements="8" conditionals="22" coveredconditionals="22" methods="1" coveredmethods="1"/>
        <line num="50" count="15" type="cond" truecount="2" falsecount="0"/>
        <line num="51" count="2" type="stmt"/>
        <line num="60" count="13" type="cond" truecount="2" falsecount="0"/>
        <line num="61" count="7" type="stmt"/>
        <line num="80" count="6" type="stmt"/>
        <line num="81" count="6" type="cond" truecount="2" falsecount="0"/>
        <line num="84" count="15" type="cond" truecount="2" falsecount="0"/>
        <line num="86" count="15" type="stmt"/>
      </file>
      <file name="HPBar.tsx" path="C:\Users\DINH\OneDrive\Documents\PokeGames\FrontEnd\src\app\components\HPBar.tsx">
        <metrics statements="7" coveredstatements="7" conditionals="10" coveredconditionals="10" methods="2" coveredmethods="2"/>
        <line num="13" count="9" type="stmt"/>
        <line num="16" count="9" type="stmt"/>
        <line num="17" count="9" type="cond" truecount="2" falsecount="0"/>
        <line num="18" count="2" type="cond" truecount="2" falsecount="0"/>
        <line num="19" count="1" type="stmt"/>
        <line num="22" count="9" type="stmt"/>
        <line num="24" count="9" type="stmt"/>
      </file>
      <file name="PixelButton.tsx" path="C:\Users\DINH\OneDrive\Documents\PokeGames\FrontEnd\src\app\components\PixelButton.tsx">
        <metrics statements="4" coveredstatements="4" conditionals="7" coveredconditionals="7" methods="1" coveredmethods="1"/>
        <line num="4" count="2" type="stmt"/>
        <line num="16" count="2" type="stmt"/>
        <line num="54" count="26" type="cond" truecount="2" falsecount="0"/>
        <line num="58" count="26" type="stmt"/>
      </file>
      <file name="Pokeball.tsx" path="C:\Users\DINH\OneDrive\Documents\PokeGames\FrontEnd\src\app\components\Pokeball.tsx">
        <metrics statements="23" coveredstatements="23" conditionals="16" coveredconditionals="16" methods="1" coveredmethods="1"/>
        <line num="17" count="46" type="stmt"/>
        <line num="18" count="46" type="stmt"/>
        <line num="20" count="46" type="stmt"/>
        <line num="23" count="46" type="stmt"/>
        <line num="24" count="46" type="stmt"/>
        <line num="27" count="46" type="stmt"/>
        <line num="28" count="46" type="stmt"/>
        <line num="29" count="46" type="stmt"/>
        <line num="31" count="46" type="stmt"/>
        <line num="32" count="1472" type="stmt"/>
        <line num="33" count="47104" type="stmt"/>
        <line num="34" count="47104" type="stmt"/>
        <line num="35" count="47104" type="stmt"/>
        <line num="37" count="47104" type="stmt"/>
        <line num="40" count="47104" type="cond" truecount="4" falsecount="0"/>
        <line num="41" count="8096" type="stmt"/>
        <line num="42" count="39008" type="cond" truecount="2" falsecount="0"/>
        <line num="45" count="3680" type="stmt"/>
        <line num="46" count="35328" type="cond" truecount="2" falsecount="0"/>
        <line num="49" count="1472" type="stmt"/>
        <line num="52" count="47104" type="cond" truecount="2" falsecount="0"/>
        <line num="53" count="13248" type="stmt"/>
        <line num="67" count="46" type="stmt"/>
      </file>
      <file name="PokemonSearchInput.tsx" path="C:\Users\DINH\OneDrive\Documents\PokeGames\FrontEnd\src\app\components\PokemonSearchInput.tsx">
        <metrics statements="67" coveredstatements="63" conditionals="70" coveredconditionals="61" methods="23" coveredmethods="23"/>
        <line num="22" count="17" type="cond" truecount="2" falsecount="0"/>
        <line num="23" count="16" type="stmt"/>
        <line num="37" count="80" type="stmt"/>
        <line num="38" count="80" type="stmt"/>
        <line num="39" count="80" type="stmt"/>
        <line num="41" count="80" type="stmt"/>
        <line num="42" count="80" type="stmt"/>
        <line num="43" count="80" type="stmt"/>
        <line num="46" count="80" type="stmt"/>
        <line num="47" count="80" type="stmt"/>
        <line num="50" count="19" type="cond" truecount="1" falsecount="1"/>
        <line num="51" count="19" type="stmt"/>
        <line num="52" count="19" type="stmt"/>
        <line num="56" count="80" type="stmt"/>
        <line num="58" count="18" type="cond" truecount="2" falsecount="0"/>
        <line num="62" count="1" type="stmt"/>
        <line num="65" count="23" type="stmt"/>
        <line num="66" count="23" type="stmt"/>
        <line num="69" count="80" type="stmt"/>
        <line num="70" count="47" type="cond" truecount="2" falsecount="0"/>
        <line num="73" count="80" type="stmt"/>
        <line num="74" count="46" type="cond" truecount="2" falsecount="0"/>
        <line num="75" count="18" type="stmt"/>
        <line num="76" count="18" type="stmt"/>
        <line num="81" count="80" type="stmt"/>
        <line num="82" count="24" type="stmt"/>
        <line num="85" count="80" type="stmt"/>
        <line num="86" count="23" type="stmt"/>
        <line num="89" count="80" type="stmt"/>
        <line num="90" count="58" type="cond" truecount="4" falsecount="0"/>
        <line num="91" count="28" type="stmt"/>
        <line num="99" count="3" type="stmt"/>
        <line num="100" count="3" type="stmt"/>
        <line num="104" count="20" type="cond" truecount="2" falsecount="3"/>
        <line num="105" count="0" type="stmt"/>
        <line num="106" count="0" type="stmt"/>
        <line num="110" count="20" type="cond" truecount="4" falsecount="0"/>
        <line num="111" count="14" type="stmt"/>
        <line num="114" count="20" type="cond" truecount="4" falsecount="0"/>
        <line num="116" count="12" type="stmt"/>
        <line num="117" count="12" type="cond" truecount="2" falsecount="0"/>
        <line num="118" count="9" type="stmt"/>
        <line num="120" count="12" type="stmt"/>
        <line num="122" count="2" type="stmt"/>
        <line num="123" count="2" type="cond" truecount="2" falsecount="0"/>
        <line num="124" count="1" type="stmt"/>
        <line num="126" count="2" type="stmt"/>
        <line num="128" count="1" type="stmt"/>
        <line num="129" count="1" type="cond" truecount="3" falsecount="1"/>
        <line num="130" count="1" type="stmt"/>
        <line num="132" count="1" type="stmt"/>
        <line num="134" count="1" type="stmt"/>
        <line num="135" count="1" type="stmt"/>
        <line num="141" count="3" type="cond" truecount="3" falsecount="1"/>
        <line num="142" count="0" type="stmt"/>
        <line num="143" count="0" type="stmt"/>
        <line num="147" count="80" type="cond" truecount="3" falsecount="0"/>
        <line num="149" count="80" type="stmt"/>
        <line num="160" count="4" type="stmt"/>
        <line num="161" count="4" type="stmt"/>
        <line num="163" count="18" type="stmt"/>
        <line num="198" count="140" type="stmt"/>
        <line num="199" count="140" type="stmt"/>
        <line num="202" count="262" type="stmt"/>
        <line num="203" count="2" type="stmt"/>
        <line num="205" count="3" type="cond" truecount="1" falsecount="1"/>
        <line num="206" count="3" type="stmt"/>
      </file>
      <file name="SectionTitle.tsx" path="C:\Users\DINH\OneDrive\Documents\PokeGames\FrontEnd\src\app\components\SectionTitle.tsx">
        <metrics statements="1" coveredstatements="1" conditionals="1" coveredconditionals="1" methods="1" coveredmethods="1"/>
        <line num="10" count="6" type="stmt"/>
      </file>
      <file name="SubCard.tsx" path="C:\Users\DINH\OneDrive\Documents\PokeGames\FrontEnd\src\app\components\SubCard.tsx">
        <metrics statements="2" coveredstatements="2" conditionals="4" coveredconditionals="4" methods="1" coveredmethods="1"/>
        <line num="23" count="133" type="stmt"/>
        <line num="34" count="133" type="stmt"/>
      </file>
      <file name="Timer.tsx" path="C:\Users\DINH\OneDrive\Documents\PokeGames\FrontEnd\src\app\components\Timer.tsx">
        <metrics statements="7" coveredstatements="7" conditionals="25" coveredconditionals="24" methods="2" coveredmethods="2"/>
        <line num="13" count="5" type="stmt"/>
        <line num="14" count="5" type="stmt"/>
        <line num="15" count="5" type="stmt"/>
        <line num="16" count="5" type="cond" truecount="2" falsecount="0"/>
        <line num="28" count="17" type="cond" truecount="2" falsecount="0"/>
        <line num="37" count="17" type="cond" truecount="2" falsecount="0"/>
        <line num="43" count="17" type="stmt"/>
      </file>
      <file name="WinnerCard.tsx" path="C:\Users\DINH\OneDrive\Documents\PokeGames\FrontEnd\src\app\components\WinnerCard.tsx">
        <metrics statements="14" coveredstatements="14" conditionals="13" coveredconditionals="13" methods="1" coveredmethods="1"/>
        <line num="21" count="10" type="stmt"/>
        <line num="22" count="10" type="stmt"/>
        <line num="24" count="10" type="cond" truecount="2" falsecount="0"/>
        <line num="25" count="3" type="stmt"/>
        <line num="26" count="3" type="stmt"/>
        <line num="27" count="7" type="cond" truecount="2" falsecount="0"/>
        <line num="28" count="2" type="stmt"/>
        <line num="29" count="2" type="stmt"/>
        <line num="30" count="5" type="cond" truecount="2" falsecount="0"/>
        <line num="31" count="2" type="stmt"/>
        <line num="32" count="2" type="stmt"/>
        <line num="34" count="3" type="stmt"/>
        <line num="35" count="3" type="stmt"/>
        <line num="38" count="10" type="stmt"/>
      </file>
    </package>
    <package name="components.images">
      <metrics statements="0" coveredstatements="0" conditionals="0" coveredconditionals="0" methods="0" coveredmethods="0"/>
      <file name="indice_type.png" path="C:\Users\DINH\OneDrive\Documents\PokeGames\FrontEnd\src\app\components\images\indice_type.png">
        <metrics statements="0" coveredstatements="0" conditionals="0" coveredconditionals="0" methods="0" coveredmethods="0"/>
      </file>
    </package>
    <package name="components.modals">
      <metrics statements="9" coveredstatements="9" conditionals="20" coveredconditionals="19" methods="8" coveredmethods="8"/>
      <file name="FailureModal.tsx" path="C:\Users\DINH\OneDrive\Documents\PokeGames\FrontEnd\src\app\components\modals\FailureModal.tsx">
        <metrics statements="2" coveredstatements="2" conditionals="8" coveredconditionals="8" methods="1" coveredmethods="1"/>
        <line num="15" count="9" type="cond" truecount="4" falsecount="0"/>
        <line num="17" count="7" type="stmt"/>
      </file>
      <file name="SuccessModal.tsx" path="C:\Users\DINH\OneDrive\Documents\PokeGames\FrontEnd\src\app\components\modals\SuccessModal.tsx">
        <metrics statements="2" coveredstatements="2" conditionals="6" coveredconditionals="6" methods="1" coveredmethods="1"/>
        <line num="14" count="8" type="cond" truecount="4" falsecount="0"/>
        <line num="16" count="6" type="stmt"/>
      </file>
      <file name="ZoomDescriptionModal.tsx" path="C:\Users\DINH\OneDrive\Documents\PokeGames\FrontEnd\src\app\components\modals\ZoomDescriptionModal.tsx">
        <metrics statements="5" coveredstatements="5" conditionals="6" coveredconditionals="5" methods="6" coveredmethods="6"/>
        <line num="19" count="12" type="cond" truecount="2" falsecount="0"/>
        <line num="21" count="11" type="stmt"/>
        <line num="26" count="6" type="stmt"/>
        <line num="50" count="2" type="stmt"/>
        <line num="60" count="2" type="stmt"/>
      </file>
    </package>
    <package name="design">
      <metrics statements="1" coveredstatements="1" conditionals="0" coveredconditionals="0" methods="0" coveredmethods="0"/>
      <file name="colors.ts" path="C:\Users\DINH\OneDrive\Documents\PokeGames\FrontEnd\src\app\design\colors.ts">
        <metrics statements="1" coveredstatements="1" conditionals="0" coveredconditionals="0" methods="0" coveredmethods="0"/>
        <line num="16" count="10" type="stmt"/>
      </file>
    </package>
    <package name="hooks">
      <metrics statements="124" coveredstatements="124" conditionals="91" coveredconditionals="76" methods="23" coveredmethods="22"/>
      <file name="useGameState.ts" path="C:\Users\DINH\OneDrive\Documents\PokeGames\FrontEnd\src\app\hooks\useGameState.ts">
        <metrics statements="78" coveredstatements="78" conditionals="76" coveredconditionals="64" methods="8" coveredmethods="7"/>
        <line num="62" count="33" type="stmt"/>
        <line num="63" count="33" type="stmt"/>
        <line num="64" count="33" type="stmt"/>
        <line num="65" count="33" type="stmt"/>
        <line num="66" count="33" type="stmt"/>
        <line num="67" count="33" type="stmt"/>
        <line num="68" count="33" type="stmt"/>
        <line num="69" count="33" type="stmt"/>
        <line num="70" count="33" type="stmt"/>
        <line num="71" count="33" type="stmt"/>
        <line num="72" count="33" type="stmt"/>
        <line num="73" count="33" type="stmt"/>
        <line num="74" count="33" type="stmt"/>
        <line num="76" count="33" type="stmt"/>
        <line num="78" count="33" type="stmt"/>
        <line num="79" count="33" type="stmt"/>
        <line num="81" count="33" type="stmt"/>
        <line num="82" count="16" type="cond" truecount="1" falsecount="1"/>
        <line num="83" count="16" type="stmt"/>
        <line num="84" count="16" type="stmt"/>
        <line num="85" count="16" type="stmt"/>
        <line num="86" count="16" type="stmt"/>
        <line num="87" count="15" type="stmt"/>
        <line num="88" count="15" type="stmt"/>
        <line num="89" count="15" type="cond" truecount="1" falsecount="1"/>
        <line num="90" count="16" type="stmt"/>
        <line num="96" count="16" type="stmt"/>
        <line num="97" count="16" type="stmt"/>
        <line num="99" count="16" type="cond" truecount="2" falsecount="0"/>
        <line num="100" count="16" type="cond" truecount="2" falsecount="0"/>
        <line num="102" count="16" type="cond" truecount="2" falsecount="0"/>
        <line num="103" count="1" type="stmt"/>
        <line num="104" count="1" type="stmt"/>
        <line num="105" count="1" type="stmt"/>
        <line num="108" count="14" type="stmt"/>
        <line num="109" count="14" type="stmt"/>
        <line num="110" count="14" type="cond" truecount="2" falsecount="0"/>
        <line num="111" count="16" type="cond" truecount="2" falsecount="0"/>
        <line num="112" count="16" type="cond" truecount="2" falsecount="0"/>
        <line num="113" count="16" type="stmt"/>
        <line num="115" count="16" type="stmt"/>
        <line num="120" count="14" type="cond" truecount="2" falsecount="0"/>
        <line num="121" count="1" type="stmt"/>
        <line num="122" count="1" type="stmt"/>
        <line num="123" count="1" type="stmt"/>
        <line num="124" count="1" type="stmt"/>
        <line num="127" count="13" type="stmt"/>
        <line num="128" count="13" type="stmt"/>
        <line num="129" count="13" type="stmt"/>
        <line num="131" count="13" type="cond" truecount="1" falsecount="1"/>
        <line num="132" count="13" type="stmt"/>
        <line num="134" count="13" type="stmt"/>
        <line num="136" count="1" type="cond" truecount="1" falsecount="1"/>
        <line num="137" count="1" type="stmt"/>
        <line num="142" count="13" type="stmt"/>
        <line num="143" count="13" type="cond" truecount="4" falsecount="0"/>
        <line num="144" count="1" type="stmt"/>
        <line num="146" count="13" type="cond" truecount="4" falsecount="0"/>
        <line num="147" count="5" type="stmt"/>
        <line num="148" count="5" type="cond" truecount="1" falsecount="1"/>
        <line num="150" count="13" type="cond" truecount="4" falsecount="0"/>
        <line num="151" count="3" type="stmt"/>
        <line num="152" count="2" type="cond" truecount="2" falsecount="0"/>
        <line num="154" count="13" type="cond" truecount="4" falsecount="0"/>
        <line num="155" count="2" type="stmt"/>
        <line num="157" count="13" type="cond" truecount="4" falsecount="0"/>
        <line num="158" count="1" type="stmt"/>
        <line num="160" count="13" type="cond" truecount="4" falsecount="0"/>
        <line num="161" count="1" type="stmt"/>
        <line num="162" count="1" type="stmt"/>
        <line num="166" count="13" type="cond" truecount="4" falsecount="0"/>
        <line num="167" count="1" type="stmt"/>
        <line num="169" count="13" type="cond" truecount="4" falsecount="0"/>
        <line num="170" count="1" type="stmt"/>
        <line num="172" count="13" type="cond" truecount="4" falsecount="0"/>
        <line num="173" count="2" type="stmt"/>
        <line num="175" count="13" type="stmt"/>
        <line num="178" count="33" type="stmt"/>
      </file>
      <file name="useTimer.ts" path="C:\Users\DINH\OneDrive\Documents\PokeGames\FrontEnd\src\app\hooks\useTimer.ts">
        <metrics statements="46" coveredstatements="46" conditionals="15" coveredconditionals="12" methods="15" coveredmethods="15"/>
        <line num="27" count="19" type="stmt"/>
        <line num="28" count="19" type="stmt"/>
        <line num="29" count="19" type="stmt"/>
        <line num="30" count="19" type="stmt"/>
        <line num="31" count="19" type="stmt"/>
        <line num="32" count="19" type="stmt"/>
        <line num="34" count="19" type="stmt"/>
        <line num="35" count="19" type="stmt"/>
        <line num="36" count="19" type="stmt"/>
        <line num="38" count="19" type="stmt"/>
        <line num="39" count="19" type="stmt"/>
        <line num="42" count="19" type="stmt"/>
        <line num="43" count="10" type="stmt"/>
        <line num="44" count="10" type="cond" truecount="2" falsecount="0"/>
        <line num="49" count="7" type="cond" truecount="1" falsecount="1"/>
        <line num="50" count="7" type="stmt"/>
        <line num="51" count="7" type="stmt"/>
        <line num="52" count="14" type="cond" truecount="2" falsecount="0"/>
        <line num="53" count="12" type="stmt"/>
        <line num="54" count="12" type="stmt"/>
        <line num="55" count="10" type="stmt"/>
        <line num="59" count="10" type="cond" truecount="1" falsecount="1"/>
        <line num="60" count="10" type="stmt"/>
        <line num="62" count="10" type="cond" truecount="5" falsecount="0"/>
        <line num="63" count="1" type="stmt"/>
        <line num="64" count="1" type="stmt"/>
        <line num="65" count="1" type="stmt"/>
        <line num="68" count="2" type="stmt"/>
        <line num="74" count="1" type="cond" truecount="1" falsecount="1"/>
        <line num="78" count="1" type="stmt"/>
        <line num="79" count="1" type="stmt"/>
        <line num="80" count="1" type="stmt"/>
        <line num="81" count="1" type="stmt"/>
        <line num="82" count="1" type="stmt"/>
        <line num="83" count="1" type="stmt"/>
        <line num="88" count="1" type="stmt"/>
        <line num="89" count="1" type="stmt"/>
        <line num="90" count="1" type="stmt"/>
        <line num="91" count="1" type="stmt"/>
        <line num="92" count="1" type="stmt"/>
        <line num="93" count="1" type="stmt"/>
        <line num="94" count="1" type="stmt"/>
        <line num="95" count="1" type="stmt"/>
        <line num="96" count="1" type="stmt"/>
        <line num="97" count="1" type="stmt"/>
        <line num="100" count="19" type="stmt"/>
      </file>
    </package>
    <package name="services">
      <metrics statements="55" coveredstatements="55" conditionals="25" coveredconditionals="22" methods="22" coveredmethods="22"/>
      <file name="dezoomService.ts" path="C:\Users\DINH\OneDrive\Documents\PokeGames\FrontEnd\src\app\services\dezoomService.ts">
        <metrics statements="8" coveredstatements="8" conditionals="0" coveredconditionals="0" methods="4" coveredmethods="4"/>
        <line num="5" count="1" type="stmt"/>
        <line num="8" count="1" type="stmt"/>
        <line num="18" count="1" type="stmt"/>
        <line num="24" count="1" type="stmt"/>
        <line num="28" count="1" type="stmt"/>
        <line num="29" count="1" type="stmt"/>
        <line num="33" count="1" type="stmt"/>
        <line num="38" count="1" type="stmt"/>
      </file>
      <file name="partieService.ts" path="C:\Users\DINH\OneDrive\Documents\PokeGames\FrontEnd\src\app\services\partieService.ts">
        <metrics statements="31" coveredstatements="31" conditionals="23" coveredconditionals="20" methods="10" coveredmethods="10"/>
        <line num="5" count="1" type="stmt"/>
        <line num="6" count="1" type="stmt"/>
        <line num="10" count="1" type="stmt"/>
        <line num="11" count="1" type="stmt"/>
        <line num="15" count="1" type="stmt"/>
        <line num="16" count="1" type="stmt"/>
        <line num="27" count="6" type="stmt"/>
        <line num="29" count="6" type="cond" truecount="2" falsecount="0"/>
        <line num="30" count="1" type="cond" truecount="1" falsecount="1"/>
        <line num="31" count="1" type="cond" truecount="1" falsecount="1"/>
        <line num="32" count="1" type="cond" truecount="1" falsecount="1"/>
        <line num="33" count="5" type="cond" truecount="2" falsecount="0"/>
        <line num="35" count="3" type="cond" truecount="2" falsecount="0"/>
        <line num="36" count="3" type="cond" truecount="2" falsecount="0"/>
        <line num="40" count="2" type="cond" truecount="2" falsecount="0"/>
        <line num="41" count="2" type="cond" truecount="2" falsecount="0"/>
        <line num="42" count="2" type="cond" truecount="2" falsecount="0"/>
        <line num="45" count="6" type="stmt"/>
        <line num="46" count="6" type="stmt"/>
        <line num="50" count="1" type="stmt"/>
        <line num="51" count="1" type="stmt"/>
        <line num="55" count="1" type="stmt"/>
        <line num="59" count="1" type="stmt"/>
        <line num="60" count="1" type="stmt"/>
        <line num="64" count="1" type="stmt"/>
        <line num="73" count="2" type="stmt"/>
        <line num="77" count="2" type="cond" truecount="2" falsecount="0"/>
        <line num="79" count="2" type="stmt"/>
        <line num="80" count="2" type="stmt"/>
        <line num="84" count="1" type="stmt"/>
        <line num="89" count="1" type="stmt"/>
      </file>
      <file name="pokemonService.ts" path="C:\Users\DINH\OneDrive\Documents\PokeGames\FrontEnd\src\app\services\pokemonService.ts">
        <metrics statements="6" coveredstatements="6" conditionals="0" coveredconditionals="0" methods="3" coveredmethods="3"/>
        <line num="5" count="1" type="stmt"/>
        <line num="6" count="1" type="stmt"/>
        <line num="10" count="1" type="stmt"/>
        <line num="11" count="1" type="stmt"/>
        <line num="15" count="1" type="stmt"/>
        <line num="16" count="1" type="stmt"/>
      </file>
      <file name="typesGameService.ts" path="C:\Users\DINH\OneDrive\Documents\PokeGames\FrontEnd\src\app\services\typesGameService.ts">
        <metrics statements="10" coveredstatements="10" conditionals="2" coveredconditionals="2" methods="5" coveredmethods="5"/>
        <line num="5" count="1" type="stmt"/>
        <line num="6" count="1" type="stmt"/>
        <line num="10" count="1" type="stmt"/>
        <line num="13" count="1" type="stmt"/>
        <line num="24" count="1" type="stmt"/>
        <line num="31" count="1" type="stmt"/>
        <line num="35" count="1" type="stmt"/>
        <line num="36" count="1" type="stmt"/>
        <line num="40" count="1" type="stmt"/>
        <line num="45" count="1" type="stmt"/>
      </file>
    </package>
    <package name="store">
      <metrics statements="13" coveredstatements="13" conditionals="2" coveredconditionals="2" methods="13" coveredmethods="13"/>
      <file name="chatStore.ts" path="C:\Users\DINH\OneDrive\Documents\PokeGames\FrontEnd\src\app\store\chatStore.ts">
        <metrics statements="9" coveredstatements="9" conditionals="2" coveredconditionals="2" methods="10" coveredmethods="10"/>
        <line num="35" count="1" type="stmt"/>
        <line num="43" count="6" type="stmt"/>
        <line num="45" count="6" type="stmt"/>
        <line num="46" count="6" type="stmt"/>
        <line num="53" count="10" type="stmt"/>
        <line num="55" count="2" type="stmt"/>
        <line num="56" count="1" type="stmt"/>
        <line num="59" count="110" type="stmt"/>
        <line num="63" count="1" type="stmt"/>
      </file>
      <file name="sessionStore.ts" path="C:\Users\DINH\OneDrive\Documents\PokeGames\FrontEnd\src\app\store\sessionStore.ts">
        <metrics statements="4" coveredstatements="4" conditionals="0" coveredconditionals="0" methods="3" coveredmethods="3"/>
        <line num="11" count="1" type="stmt"/>
        <line num="14" count="1" type="stmt"/>
        <line num="16" count="1" type="stmt"/>
        <line num="19" count="3" type="stmt"/>
      </file>
    </package>
    <package name="utils">
      <metrics statements="65" coveredstatements="64" conditionals="77" coveredconditionals="73" methods="14" coveredmethods="13"/>
      <file name="pokedescConstants.ts" path="C:\Users\DINH\OneDrive\Documents\PokeGames\FrontEnd\src\app\utils\pokedescConstants.ts">
        <metrics statements="4" coveredstatements="4" conditionals="0" coveredconditionals="0" methods="0" coveredmethods="0"/>
        <line num="3" count="1" type="stmt"/>
        <line num="8" count="1" type="stmt"/>
        <line num="22" count="1" type="stmt"/>
        <line num="41" count="1" type="stmt"/>
      </file>
      <file name="pokedescLogic.ts" path="C:\Users\DINH\OneDrive\Documents\PokeGames\FrontEnd\src\app\utils\pokedescLogic.ts">
        <metrics statements="61" coveredstatements="60" conditionals="77" coveredconditionals="73" methods="14" coveredmethods="13"/>
        <line num="7" count="7" type="stmt"/>
        <line num="8" count="7" type="cond" truecount="3" falsecount="1"/>
        <line num="12" count="7" type="cond" truecount="4" falsecount="0"/>
        <line num="14" count="15" type="stmt"/>
        <line num="15" count="6" type="cond" truecount="2" falsecount="0"/>
        <line num="17" count="7" type="cond" truecount="5" falsecount="0"/>
        <line num="18" count="1" type="stmt"/>
        <line num="21" count="5" type="cond" truecount="2" falsecount="0"/>
        <line num="22" count="2" type="stmt"/>
        <line num="25" count="3" type="stmt"/>
        <line num="26" count="3" type="stmt"/>
        <line num="27" count="5" type="cond" truecount="2" falsecount="0"/>
        <line num="28" count="1" type="stmt"/>
        <line num="29" count="1" type="stmt"/>
        <line num="33" count="3" type="cond" truecount="2" falsecount="0"/>
        <line num="34" count="2" type="stmt"/>
        <line num="37" count="1" type="stmt"/>
        <line num="41" count="7" type="cond" truecount="4" falsecount="0"/>
        <line num="43" count="14" type="stmt"/>
        <line num="46" count="5" type="cond" truecount="5" falsecount="0"/>
        <line num="47" count="1" type="stmt"/>
        <line num="54" count="4" type="cond" truecount="2" falsecount="0"/>
        <line num="55" count="1" type="stmt"/>
        <line num="62" count="3" type="stmt"/>
        <line num="63" count="3" type="stmt"/>
        <line num="64" count="6" type="cond" truecount="2" falsecount="0"/>
        <line num="65" count="1" type="stmt"/>
        <line num="66" count="1" type="stmt"/>
        <line num="69" count="3" type="cond" truecount="2" falsecount="0"/>
        <line num="70" count="2" type="stmt"/>
        <line num="73" count="3" type="cond" truecount="2" falsecount="0"/>
        <line num="74" count="1" type="stmt"/>
        <line num="81" count="2" type="stmt"/>
        <line num="93" count="6" type="cond" truecount="2" falsecount="0"/>
        <line num="94" count="5" type="cond" truecount="2" falsecount="0"/>
        <line num="95" count="4" type="cond" truecount="1" falsecount="1"/>
        <line num="96" count="6" type="stmt"/>
        <line num="97" count="6" type="stmt"/>
        <line num="105" count="7" type="stmt"/>
        <line num="106" count="15" type="cond" truecount="2" falsecount="0"/>
        <line num="107" count="2" type="cond" truecount="1" falsecount="1"/>
        <line num="108" count="2" type="cond" truecount="3" falsecount="1"/>
        <line num="110" count="15" type="cond" truecount="2" falsecount="0"/>
        <line num="111" count="3" type="stmt"/>
        <line num="112" count="3" type="cond" truecount="4" falsecount="0"/>
        <line num="114" count="13" type="cond" truecount="2" falsecount="0"/>
        <line num="115" count="5" type="stmt"/>
        <line num="116" count="5" type="cond" truecount="2" falsecount="0"/>
        <line num="117" count="3" type="cond" truecount="2" falsecount="0"/>
        <line num="119" count="5" type="stmt"/>
        <line num="120" count="3" type="cond" truecount="4" falsecount="0"/>
        <line num="123" count="10" type="cond" truecount="2" falsecount="0"/>
        <line num="124" count="2" type="cond" truecount="2" falsecount="0"/>
        <line num="126" count="9" type="stmt"/>
        <line num="134" count="4" type="stmt"/>
        <line num="135" count="4" type="cond" truecount="2" falsecount="0"/>
        <line num="136" count="3" type="stmt"/>
        <line num="137" count="3" type="stmt"/>
        <line num="139" count="9" type="stmt"/>
        <line num="140" count="9" type="cond" truecount="2" falsecount="0"/>
        <line num="142" count="0" type="stmt"/>
      </file>
    </package>
  </project>
</coverage>
