{"C:\\Users\\DINH\\OneDrive\\Documents\\PokeGames\\FrontEnd\\src\\app\\components\\Card.tsx": {"path":"C:\\Users\\DINH\\OneDrive\\Documents\\PokeGames\\FrontEnd\\src\\app\\components\\Card.tsx","statementMap":{"0":{"start":{"line":25,"column":30},"end":{"line":28,"column":null}},"1":{"start":{"line":49,"column":22},"end":{"line":49,"column":null}},"2":{"start":{"line":61,"column":4},"end":{"line":136,"column":null}},"3":{"start":{"line":139,"column":2},"end":{"line":141,"column":null}},"4":{"start":{"line":140,"column":4},"end":{"line":140,"column":null}},"5":{"start":{"line":143,"column":2},"end":{"line":151,"column":null}}},"fnMap":{"0":{"name":"Card","decl":{"start":{"line":30,"column":24},"end":{"line":30,"column":29}},"loc":{"start":{"line":48,"column":14},"end":{"line":153,"column":null}},"line":48}},"branchMap":{"0":{"loc":{"start":{"line":32,"column":2},"end":{"line":32,"column":null}},"type":"default-arg","locations":[{"start":{"line":32,"column":14},"end":{"line":32,"column":null}}],"line":32},"1":{"loc":{"start":{"line":33,"column":2},"end":{"line":33,"column":null}},"type":"default-arg","locations":[{"start":{"line":33,"column":14},"end":{"line":33,"column":null}}],"line":33},"2":{"loc":{"start":{"line":36,"column":2},"end":{"line":36,"column":null}},"type":"default-arg","locations":[{"start":{"line":36,"column":20},"end":{"line":36,"column":null}}],"line":36},"3":{"loc":{"start":{"line":37,"column":2},"end":{"line":37,"column":null}},"type":"default-arg","locations":[{"start":{"line":37,"column":19},"end":{"line":37,"column":null}}],"line":37},"4":{"loc":{"start":{"line":38,"column":2},"end":{"line":38,"column":null}},"type":"default-arg","locations":[{"start":{"line":38,"column":20},"end":{"line":38,"column":null}}],"line":38},"5":{"loc":{"start":{"line":39,"column":2},"end":{"line":39,"column":null}},"type":"default-arg","locations":[{"start":{"line":39,"column":17},"end":{"line":39,"column":null}}],"line":39},"6":{"loc":{"start":{"line":40,"column":2},"end":{"line":40,"column":null}},"type":"default-arg","locations":[{"start":{"line":40,"column":20},"end":{"line":40,"column":null}}],"line":40},"7":{"loc":{"start":{"line":41,"column":2},"end":{"line":41,"column":null}},"type":"default-arg","locations":[{"start":{"line":41,"column":14},"end":{"line":41,"column":null}}],"line":41},"8":{"loc":{"start":{"line":45,"column":2},"end":{"line":45,"column":null}},"type":"default-arg","locations":[{"start":{"line":45,"column":15},"end":{"line":45,"column":null}}],"line":45},"9":{"loc":{"start":{"line":46,"column":2},"end":{"line":46,"column":null}},"type":"default-arg","locations":[{"start":{"line":46,"column":14},"end":{"line":46,"column":null}}],"line":46},"10":{"loc":{"start":{"line":47,"column":2},"end":{"line":47,"column":null}},"type":"default-arg","locations":[{"start":{"line":47,"column":20},"end":{"line":47,"column":null}}],"line":47},"11":{"loc":{"start":{"line":64,"column":8},"end":{"line":66,"column":null}},"type":"cond-expr","locations":[{"start":{"line":65,"column":12},"end":{"line":65,"column":null}},{"start":{"line":66,"column":12},"end":{"line":66,"column":null}}],"line":64},"12":{"loc":{"start":{"line":70,"column":12},"end":{"line":70,"column":null}},"type":"cond-expr","locations":[{"start":{"line":70,"column":30},"end":{"line":70,"column":65}},{"start":{"line":70,"column":65},"end":{"line":70,"column":null}}],"line":70},"13":{"loc":{"start":{"line":71,"column":12},"end":{"line":71,"column":null}},"type":"cond-expr","locations":[{"start":{"line":71,"column":31},"end":{"line":71,"column":68}},{"start":{"line":71,"column":68},"end":{"line":71,"column":null}}],"line":71},"14":{"loc":{"start":{"line":75,"column":7},"end":{"line":94,"column":null}},"type":"binary-expr","locations":[{"start":{"line":75,"column":7},"end":{"line":75,"column":21}},{"start":{"line":75,"column":21},"end":{"line":75,"column":null}},{"start":{"line":76,"column":8},"end":{"line":94,"column":null}}],"line":75},"15":{"loc":{"start":{"line":80,"column":31},"end":{"line":80,"column":null}},"type":"binary-expr","locations":[{"start":{"line":80,"column":31},"end":{"line":80,"column":46}},{"start":{"line":80,"column":46},"end":{"line":80,"column":null}}],"line":80},"16":{"loc":{"start":{"line":107,"column":29},"end":{"line":107,"column":null}},"type":"binary-expr","locations":[{"start":{"line":107,"column":29},"end":{"line":107,"column":44}},{"start":{"line":107,"column":44},"end":{"line":107,"column":null}}],"line":107},"17":{"loc":{"start":{"line":115,"column":14},"end":{"line":115,"column":null}},"type":"cond-expr","locations":[{"start":{"line":115,"column":32},"end":{"line":115,"column":53}},{"start":{"line":115,"column":53},"end":{"line":115,"column":null}}],"line":115},"18":{"loc":{"start":{"line":139,"column":2},"end":{"line":141,"column":null}},"type":"if","locations":[{"start":{"line":139,"column":2},"end":{"line":141,"column":null}},{"start":{},"end":{}}],"line":139}},"s":{"0":4,"1":46,"2":46,"3":46,"4":0,"5":46},"f":{"0":46},"b":{"0":[46],"1":[46],"2":[46],"3":[46],"4":[46],"5":[46],"6":[46],"7":[46],"8":[46],"9":[46],"10":[46],"11":[0,46],"12":[0,46],"13":[0,46],"14":[46,23,13],"15":[13,13],"16":[46,36],"17":[0,46],"18":[0,46]},"meta":{"lastBranch":19,"lastFunction":1,"lastStatement":6,"seen":{"s:25:30:28:Infinity":0,"f:30:24:30:29":0,"b:32:14:32:Infinity":0,"b:33:14:33:Infinity":1,"b:36:20:36:Infinity":2,"b:37:19:37:Infinity":3,"b:38:20:38:Infinity":4,"b:39:17:39:Infinity":5,"b:40:20:40:Infinity":6,"b:41:14:41:Infinity":7,"b:45:15:45:Infinity":8,"b:46:14:46:Infinity":9,"b:47:20:47:Infinity":10,"s:49:22:49:Infinity":1,"s:61:4:136:Infinity":2,"b:65:12:65:Infinity:66:12:66:Infinity":11,"b:70:30:70:65:70:65:70:Infinity":12,"b:71:31:71:68:71:68:71:Infinity":13,"b:75:7:75:21:75:21:75:Infinity:76:8:94:Infinity":14,"b:80:31:80:46:80:46:80:Infinity":15,"b:107:29:107:44:107:44:107:Infinity":16,"b:115:32:115:53:115:53:115:Infinity":17,"b:139:2:141:Infinity:undefined:undefined:undefined:undefined":18,"s:139:2:141:Infinity":3,"s:140:4:140:Infinity":4,"s:143:2:151:Infinity":5}}}
,"C:\\Users\\DINH\\OneDrive\\Documents\\PokeGames\\FrontEnd\\src\\app\\components\\DescriptionCard.tsx": {"path":"C:\\Users\\DINH\\OneDrive\\Documents\\PokeGames\\FrontEnd\\src\\app\\components\\DescriptionCard.tsx","statementMap":{"0":{"start":{"line":17,"column":2},"end":{"line":73,"column":null}},"1":{"start":{"line":43,"column":33},"end":{"line":43,"column":null}},"2":{"start":{"line":43,"column":48},"end":{"line":43,"column":105}},"3":{"start":{"line":53,"column":33},"end":{"line":53,"column":null}},"4":{"start":{"line":53,"column":48},"end":{"line":53,"column":83}}},"fnMap":{"0":{"name":"DescriptionCard","decl":{"start":{"line":11,"column":24},"end":{"line":11,"column":40}},"loc":{"start":{"line":16,"column":25},"end":{"line":75,"column":null}},"line":16},"1":{"name":"(anonymous_1)","decl":{"start":{"line":43,"column":27},"end":{"line":43,"column":33}},"loc":{"start":{"line":43,"column":33},"end":{"line":43,"column":null}},"line":43},"2":{"name":"(anonymous_2)","decl":{"start":{"line":43,"column":47},"end":{"line":43,"column":48}},"loc":{"start":{"line":43,"column":48},"end":{"line":43,"column":105}},"line":43},"3":{"name":"(anonymous_3)","decl":{"start":{"line":53,"column":27},"end":{"line":53,"column":33}},"loc":{"start":{"line":53,"column":33},"end":{"line":53,"column":null}},"line":53},"4":{"name":"(anonymous_4)","decl":{"start":{"line":53,"column":47},"end":{"line":53,"column":48}},"loc":{"start":{"line":53,"column":48},"end":{"line":53,"column":83}},"line":53}},"branchMap":{"0":{"loc":{"start":{"line":29,"column":13},"end":{"line":30,"column":null}},"type":"binary-expr","locations":[{"start":{"line":29,"column":13},"end":{"line":29,"column":null}},{"start":{"line":30,"column":14},"end":{"line":30,"column":null}}],"line":29},"1":{"loc":{"start":{"line":40,"column":13},"end":{"line":59,"column":null}},"type":"binary-expr","locations":[{"start":{"line":40,"column":13},"end":{"line":40,"column":null}},{"start":{"line":41,"column":14},"end":{"line":59,"column":null}}],"line":40}},"s":{"0":12,"1":2,"2":2,"3":2,"4":2},"f":{"0":12,"1":2,"2":2,"3":2,"4":2},"b":{"0":[12,1],"1":[12,10]},"meta":{"lastBranch":2,"lastFunction":5,"lastStatement":5,"seen":{"f:11:24:11:40":0,"s:17:2:73:Infinity":0,"b:29:13:29:Infinity:30:14:30:Infinity":0,"b:40:13:40:Infinity:41:14:59:Infinity":1,"f:43:27:43:33":1,"s:43:33:43:Infinity":1,"f:43:47:43:48":2,"s:43:48:43:105":2,"f:53:27:53:33":3,"s:53:33:53:Infinity":3,"f:53:47:53:48":4,"s:53:48:53:83":4}}}
,"C:\\Users\\DINH\\OneDrive\\Documents\\PokeGames\\FrontEnd\\src\\app\\components\\Footer.tsx": {"path":"C:\\Users\\DINH\\OneDrive\\Documents\\PokeGames\\FrontEnd\\src\\app\\components\\Footer.tsx","statementMap":{"0":{"start":{"line":2,"column":2},"end":{"line":20,"column":null}}},"fnMap":{"0":{"name":"Footer","decl":{"start":{"line":1,"column":24},"end":{"line":1,"column":33}},"loc":{"start":{"line":1,"column":33},"end":{"line":22,"column":null}},"line":1}},"branchMap":{},"s":{"0":6},"f":{"0":6},"b":{},"meta":{"lastBranch":0,"lastFunction":1,"lastStatement":1,"seen":{"f:1:24:1:33":0,"s:2:2:20:Infinity":0}}}
,"C:\\Users\\DINH\\OneDrive\\Documents\\PokeGames\\FrontEnd\\src\\app\\components\\GameLayout.tsx": {"path":"C:\\Users\\DINH\\OneDrive\\Documents\\PokeGames\\FrontEnd\\src\\app\\components\\GameLayout.tsx","statementMap":{"0":{"start":{"line":50,"column":2},"end":{"line":58,"column":null}},"1":{"start":{"line":51,"column":4},"end":{"line":56,"column":null}},"2":{"start":{"line":60,"column":2},"end":{"line":78,"column":null}},"3":{"start":{"line":61,"column":4},"end":{"line":76,"column":null}},"4":{"start":{"line":80,"column":17},"end":{"line":80,"column":null}},"5":{"start":{"line":81,"column":20},"end":{"line":83,"column":null}},"6":{"start":{"line":84,"column":24},"end":{"line":84,"column":null}},"7":{"start":{"line":86,"column":2},"end":{"line":94,"column":null}}},"fnMap":{"0":{"name":"GameLayout","decl":{"start":{"line":36,"column":24},"end":{"line":36,"column":35}},"loc":{"start":{"line":49,"column":20},"end":{"line":96,"column":null}},"line":49}},"branchMap":{"0":{"loc":{"start":{"line":40,"column":2},"end":{"line":40,"column":null}},"type":"default-arg","locations":[{"start":{"line":40,"column":12},"end":{"line":40,"column":null}}],"line":40},"1":{"loc":{"start":{"line":41,"column":2},"end":{"line":41,"column":null}},"type":"default-arg","locations":[{"start":{"line":41,"column":18},"end":{"line":41,"column":null}}],"line":41},"2":{"loc":{"start":{"line":42,"column":2},"end":{"line":42,"column":null}},"type":"default-arg","locations":[{"start":{"line":42,"column":19},"end":{"line":42,"column":null}}],"line":42},"3":{"loc":{"start":{"line":43,"column":2},"end":{"line":43,"column":null}},"type":"default-arg","locations":[{"start":{"line":43,"column":14},"end":{"line":43,"column":null}}],"line":43},"4":{"loc":{"start":{"line":46,"column":2},"end":{"line":46,"column":null}},"type":"default-arg","locations":[{"start":{"line":46,"column":19},"end":{"line":46,"column":null}}],"line":46},"5":{"loc":{"start":{"line":47,"column":2},"end":{"line":47,"column":null}},"type":"default-arg","locations":[{"start":{"line":47,"column":19},"end":{"line":47,"column":null}}],"line":47},"6":{"loc":{"start":{"line":50,"column":2},"end":{"line":58,"column":null}},"type":"if","locations":[{"start":{"line":50,"column":2},"end":{"line":58,"column":null}},{"start":{},"end":{}}],"line":50},"7":{"loc":{"start":{"line":60,"column":2},"end":{"line":78,"column":null}},"type":"if","locations":[{"start":{"line":60,"column":2},"end":{"line":78,"column":null}},{"start":{},"end":{}}],"line":60},"8":{"loc":{"start":{"line":66,"column":11},"end":{"line":73,"column":null}},"type":"binary-expr","locations":[{"start":{"line":66,"column":11},"end":{"line":66,"column":null}},{"start":{"line":67,"column":12},"end":{"line":73,"column":null}}],"line":66},"9":{"loc":{"start":{"line":81,"column":20},"end":{"line":83,"column":null}},"type":"cond-expr","locations":[{"start":{"line":82,"column":6},"end":{"line":82,"column":null}},{"start":{"line":83,"column":6},"end":{"line":83,"column":null}}],"line":81},"10":{"loc":{"start":{"line":84,"column":24},"end":{"line":84,"column":null}},"type":"cond-expr","locations":[{"start":{"line":84,"column":33},"end":{"line":84,"column":76}},{"start":{"line":84,"column":76},"end":{"line":84,"column":null}}],"line":84},"11":{"loc":{"start":{"line":88,"column":7},"end":{"line":88,"column":null}},"type":"binary-expr","locations":[{"start":{"line":88,"column":7},"end":{"line":88,"column":17}},{"start":{"line":88,"column":17},"end":{"line":88,"column":null}}],"line":88},"12":{"loc":{"start":{"line":90,"column":24},"end":{"line":90,"column":53}},"type":"binary-expr","locations":[{"start":{"line":90,"column":24},"end":{"line":90,"column":41}},{"start":{"line":90,"column":41},"end":{"line":90,"column":53}}],"line":90},"13":{"loc":{"start":{"line":91,"column":24},"end":{"line":91,"column":53}},"type":"binary-expr","locations":[{"start":{"line":91,"column":24},"end":{"line":91,"column":41}},{"start":{"line":91,"column":41},"end":{"line":91,"column":53}}],"line":91}},"s":{"0":15,"1":2,"2":13,"3":7,"4":6,"5":6,"6":15,"7":15},"f":{"0":15},"b":{"0":[15],"1":[15],"2":[15],"3":[15],"4":[15],"5":[15],"6":[2,13],"7":[7,6],"8":[7,3],"9":[1,5],"10":[1,5],"11":[15,1],"12":[15,6],"13":[15,5]},"meta":{"lastBranch":14,"lastFunction":1,"lastStatement":8,"seen":{"f:36:24:36:35":0,"b:40:12:40:Infinity":0,"b:41:18:41:Infinity":1,"b:42:19:42:Infinity":2,"b:43:14:43:Infinity":3,"b:46:19:46:Infinity":4,"b:47:19:47:Infinity":5,"b:50:2:58:Infinity:undefined:undefined:undefined:undefined":6,"s:50:2:58:Infinity":0,"s:51:4:56:Infinity":1,"b:60:2:78:Infinity:undefined:undefined:undefined:undefined":7,"s:60:2:78:Infinity":2,"s:61:4:76:Infinity":3,"b:66:11:66:Infinity:67:12:73:Infinity":8,"s:80:17:80:Infinity":4,"s:81:20:83:Infinity":5,"b:82:6:82:Infinity:83:6:83:Infinity":9,"s:84:24:84:Infinity":6,"b:84:33:84:76:84:76:84:Infinity":10,"s:86:2:94:Infinity":7,"b:88:7:88:17:88:17:88:Infinity":11,"b:90:24:90:41:90:41:90:53":12,"b:91:24:91:41:91:41:91:53":13}}}
,"C:\\Users\\DINH\\OneDrive\\Documents\\PokeGames\\FrontEnd\\src\\app\\components\\HPBar.tsx": {"path":"C:\\Users\\DINH\\OneDrive\\Documents\\PokeGames\\FrontEnd\\src\\app\\components\\HPBar.tsx","statementMap":{"0":{"start":{"line":13,"column":21},"end":{"line":13,"column":null}},"1":{"start":{"line":16,"column":23},"end":{"line":20,"column":null}},"2":{"start":{"line":17,"column":4},"end":{"line":17,"column":null}},"3":{"start":{"line":17,"column":25},"end":{"line":17,"column":null}},"4":{"start":{"line":18,"column":4},"end":{"line":18,"column":null}},"5":{"start":{"line":18,"column":25},"end":{"line":18,"column":null}},"6":{"start":{"line":19,"column":4},"end":{"line":19,"column":null}},"7":{"start":{"line":22,"column":20},"end":{"line":22,"column":null}},"8":{"start":{"line":24,"column":2},"end":{"line":72,"column":null}}},"fnMap":{"0":{"name":"HPBar","decl":{"start":{"line":12,"column":24},"end":{"line":12,"column":30}},"loc":{"start":{"line":12,"column":76},"end":{"line":74,"column":null}},"line":12},"1":{"name":"(anonymous_1)","decl":{"start":{"line":16,"column":23},"end":{"line":16,"column":29}},"loc":{"start":{"line":16,"column":29},"end":{"line":20,"column":null}},"line":16}},"branchMap":{"0":{"loc":{"start":{"line":17,"column":4},"end":{"line":17,"column":null}},"type":"if","locations":[{"start":{"line":17,"column":4},"end":{"line":17,"column":null}},{"start":{},"end":{}}],"line":17},"1":{"loc":{"start":{"line":18,"column":4},"end":{"line":18,"column":null}},"type":"if","locations":[{"start":{"line":18,"column":4},"end":{"line":18,"column":null}},{"start":{},"end":{}}],"line":18},"2":{"loc":{"start":{"line":32,"column":22},"end":{"line":32,"column":null}},"type":"cond-expr","locations":[{"start":{"line":32,"column":33},"end":{"line":32,"column":44}},{"start":{"line":32,"column":44},"end":{"line":32,"column":null}}],"line":32},"3":{"loc":{"start":{"line":33,"column":24},"end":{"line":33,"column":null}},"type":"cond-expr","locations":[{"start":{"line":33,"column":35},"end":{"line":33,"column":44}},{"start":{"line":33,"column":44},"end":{"line":33,"column":null}}],"line":33},"4":{"loc":{"start":{"line":34,"column":19},"end":{"line":34,"column":null}},"type":"cond-expr","locations":[{"start":{"line":34,"column":30},"end":{"line":34,"column":56}},{"start":{"line":34,"column":56},"end":{"line":34,"column":null}}],"line":34}},"s":{"0":9,"1":9,"2":9,"3":7,"4":2,"5":2,"6":1,"7":9,"8":9},"f":{"0":9,"1":9},"b":{"0":[7,2],"1":[1,1],"2":[1,8],"3":[1,8],"4":[1,8]},"meta":{"lastBranch":5,"lastFunction":2,"lastStatement":9,"seen":{"f:12:24:12:30":0,"s:13:21:13:Infinity":0,"s:16:23:20:Infinity":1,"f:16:23:16:29":1,"b:17:4:17:Infinity:undefined:undefined:undefined:undefined":0,"s:17:4:17:Infinity":2,"s:17:25:17:Infinity":3,"b:18:4:18:Infinity:undefined:undefined:undefined:undefined":1,"s:18:4:18:Infinity":4,"s:18:25:18:Infinity":5,"s:19:4:19:Infinity":6,"s:22:20:22:Infinity":7,"s:24:2:72:Infinity":8,"b:32:33:32:44:32:44:32:Infinity":2,"b:33:35:33:44:33:44:33:Infinity":3,"b:34:30:34:56:34:56:34:Infinity":4}}}
,"C:\\Users\\DINH\\OneDrive\\Documents\\PokeGames\\FrontEnd\\src\\app\\components\\PixelButton.tsx": {"path":"C:\\Users\\DINH\\OneDrive\\Documents\\PokeGames\\FrontEnd\\src\\app\\components\\PixelButton.tsx","statementMap":{"0":{"start":{"line":4,"column":31},"end":{"line":4,"column":null}},"1":{"start":{"line":16,"column":31},"end":{"line":16,"column":null}},"2":{"start":{"line":54,"column":29},"end":{"line":56,"column":null}},"3":{"start":{"line":58,"column":2},"end":{"line":86,"column":null}}},"fnMap":{"0":{"name":"PixelButton","decl":{"start":{"line":39,"column":24},"end":{"line":39,"column":36}},"loc":{"start":{"line":53,"column":21},"end":{"line":88,"column":null}},"line":53}},"branchMap":{"0":{"loc":{"start":{"line":41,"column":2},"end":{"line":41,"column":null}},"type":"default-arg","locations":[{"start":{"line":41,"column":9},"end":{"line":41,"column":null}}],"line":41},"1":{"loc":{"start":{"line":42,"column":2},"end":{"line":42,"column":null}},"type":"default-arg","locations":[{"start":{"line":42,"column":13},"end":{"line":42,"column":null}}],"line":42},"2":{"loc":{"start":{"line":44,"column":2},"end":{"line":44,"column":null}},"type":"default-arg","locations":[{"start":{"line":44,"column":14},"end":{"line":44,"column":null}}],"line":44},"3":{"loc":{"start":{"line":45,"column":2},"end":{"line":45,"column":null}},"type":"default-arg","locations":[{"start":{"line":45,"column":19},"end":{"line":45,"column":null}}],"line":45},"4":{"loc":{"start":{"line":51,"column":2},"end":{"line":51,"column":null}},"type":"default-arg","locations":[{"start":{"line":51,"column":13},"end":{"line":51,"column":null}}],"line":51},"5":{"loc":{"start":{"line":54,"column":29},"end":{"line":56,"column":null}},"type":"cond-expr","locations":[{"start":{"line":55,"column":6},"end":{"line":55,"column":null}},{"start":{"line":56,"column":6},"end":{"line":56,"column":null}}],"line":54}},"s":{"0":2,"1":2,"2":26,"3":26},"f":{"0":26},"b":{"0":[26],"1":[26],"2":[26],"3":[26],"4":[26],"5":[24,2]},"meta":{"lastBranch":6,"lastFunction":1,"lastStatement":4,"seen":{"s:4:31:4:Infinity":0,"s:16:31:16:Infinity":1,"f:39:24:39:36":0,"b:41:9:41:Infinity":0,"b:42:13:42:Infinity":1,"b:44:14:44:Infinity":2,"b:45:19:45:Infinity":3,"b:51:13:51:Infinity":4,"s:54:29:56:Infinity":2,"b:55:6:55:Infinity:56:6:56:Infinity":5,"s:58:2:86:Infinity":3}}}
,"C:\\Users\\DINH\\OneDrive\\Documents\\PokeGames\\FrontEnd\\src\\app\\components\\Pokeball.tsx": {"path":"C:\\Users\\DINH\\OneDrive\\Documents\\PokeGames\\FrontEnd\\src\\app\\components\\Pokeball.tsx","statementMap":{"0":{"start":{"line":17,"column":20},"end":{"line":17,"column":null}},"1":{"start":{"line":18,"column":21},"end":{"line":18,"column":null}},"2":{"start":{"line":20,"column":17},"end":{"line":20,"column":null}},"3":{"start":{"line":23,"column":13},"end":{"line":23,"column":null}},"4":{"start":{"line":24,"column":13},"end":{"line":24,"column":null}},"5":{"start":{"line":27,"column":21},"end":{"line":27,"column":null}},"6":{"start":{"line":28,"column":26},"end":{"line":28,"column":null}},"7":{"start":{"line":29,"column":23},"end":{"line":29,"column":null}},"8":{"start":{"line":31,"column":2},"end":{"line":65,"column":null}},"9":{"start":{"line":31,"column":15},"end":{"line":31,"column":18}},"10":{"start":{"line":32,"column":4},"end":{"line":64,"column":null}},"11":{"start":{"line":32,"column":17},"end":{"line":32,"column":20}},"12":{"start":{"line":33,"column":17},"end":{"line":33,"column":null}},"13":{"start":{"line":34,"column":17},"end":{"line":34,"column":null}},"14":{"start":{"line":35,"column":23},"end":{"line":35,"column":null}},"15":{"start":{"line":37,"column":26},"end":{"line":37,"column":null}},"16":{"start":{"line":40,"column":6},"end":{"line":50,"column":null}},"17":{"start":{"line":41,"column":8},"end":{"line":41,"column":null}},"18":{"start":{"line":42,"column":6},"end":{"line":50,"column":null}},"19":{"start":{"line":45,"column":8},"end":{"line":45,"column":null}},"20":{"start":{"line":46,"column":6},"end":{"line":50,"column":null}},"21":{"start":{"line":49,"column":8},"end":{"line":49,"column":null}},"22":{"start":{"line":52,"column":6},"end":{"line":63,"column":null}},"23":{"start":{"line":53,"column":8},"end":{"line":62,"column":null}},"24":{"start":{"line":67,"column":2},"end":{"line":79,"column":null}}},"fnMap":{"0":{"name":"PokeballDecor","decl":{"start":{"line":15,"column":16},"end":{"line":15,"column":30}},"loc":{"start":{"line":15,"column":125},"end":{"line":81,"column":null}},"line":15}},"branchMap":{"0":{"loc":{"start":{"line":15,"column":32},"end":{"line":15,"column":43}},"type":"default-arg","locations":[{"start":{"line":15,"column":39},"end":{"line":15,"column":43}}],"line":15},"1":{"loc":{"start":{"line":15,"column":43},"end":{"line":15,"column":59}},"type":"default-arg","locations":[{"start":{"line":15,"column":53},"end":{"line":15,"column":59}}],"line":15},"2":{"loc":{"start":{"line":15,"column":59},"end":{"line":15,"column":87}},"type":"default-arg","locations":[{"start":{"line":15,"column":67},"end":{"line":15,"column":87}}],"line":15},"3":{"loc":{"start":{"line":15,"column":87},"end":{"line":15,"column":102}},"type":"default-arg","locations":[{"start":{"line":15,"column":99},"end":{"line":15,"column":102}}],"line":15},"4":{"loc":{"start":{"line":40,"column":6},"end":{"line":50,"column":null}},"type":"if","locations":[{"start":{"line":40,"column":6},"end":{"line":50,"column":null}},{"start":{"line":42,"column":6},"end":{"line":50,"column":null}}],"line":40},"5":{"loc":{"start":{"line":40,"column":10},"end":{"line":40,"column":82}},"type":"binary-expr","locations":[{"start":{"line":40,"column":10},"end":{"line":40,"column":35}},{"start":{"line":40,"column":35},"end":{"line":40,"column":82}}],"line":40},"6":{"loc":{"start":{"line":42,"column":6},"end":{"line":50,"column":null}},"type":"if","locations":[{"start":{"line":42,"column":6},"end":{"line":50,"column":null}},{"start":{"line":46,"column":6},"end":{"line":50,"column":null}}],"line":42},"7":{"loc":{"start":{"line":46,"column":6},"end":{"line":50,"column":null}},"type":"if","locations":[{"start":{"line":46,"column":6},"end":{"line":50,"column":null}},{"start":{},"end":{}}],"line":46},"8":{"loc":{"start":{"line":48,"column":15},"end":{"line":48,"column":76}},"type":"binary-expr","locations":[{"start":{"line":48,"column":15},"end":{"line":48,"column":54}},{"start":{"line":48,"column":54},"end":{"line":48,"column":76}}],"line":48},"9":{"loc":{"start":{"line":52,"column":6},"end":{"line":63,"column":null}},"type":"if","locations":[{"start":{"line":52,"column":6},"end":{"line":63,"column":null}},{"start":{},"end":{}}],"line":52}},"s":{"0":46,"1":46,"2":46,"3":46,"4":46,"5":46,"6":46,"7":46,"8":46,"9":46,"10":1472,"11":1472,"12":47104,"13":47104,"14":47104,"15":47104,"16":47104,"17":8096,"18":39008,"19":3680,"20":35328,"21":1472,"22":47104,"23":13248,"24":46},"f":{"0":46},"b":{"0":[46],"1":[46],"2":[46],"3":[46],"4":[8096,39008],"5":[47104,32936],"6":[3680,35328],"7":[1472,33856],"8":[35328,1656],"9":[13248,33856]},"meta":{"lastBranch":10,"lastFunction":1,"lastStatement":25,"seen":{"f:15:16:15:30":0,"b:15:39:15:43":0,"b:15:53:15:59":1,"b:15:67:15:87":2,"b:15:99:15:102":3,"s:17:20:17:Infinity":0,"s:18:21:18:Infinity":1,"s:20:17:20:Infinity":2,"s:23:13:23:Infinity":3,"s:24:13:24:Infinity":4,"s:27:21:27:Infinity":5,"s:28:26:28:Infinity":6,"s:29:23:29:Infinity":7,"s:31:2:65:Infinity":8,"s:31:15:31:18":9,"s:32:4:64:Infinity":10,"s:32:17:32:20":11,"s:33:17:33:Infinity":12,"s:34:17:34:Infinity":13,"s:35:23:35:Infinity":14,"s:37:26:37:Infinity":15,"b:40:6:50:Infinity:42:6:50:Infinity":4,"s:40:6:50:Infinity":16,"b:40:10:40:35:40:35:40:82":5,"s:41:8:41:Infinity":17,"b:42:6:50:Infinity:46:6:50:Infinity":6,"s:42:6:50:Infinity":18,"s:45:8:45:Infinity":19,"b:46:6:50:Infinity:undefined:undefined:undefined:undefined":7,"s:46:6:50:Infinity":20,"b:48:15:48:54:48:54:48:76":8,"s:49:8:49:Infinity":21,"b:52:6:63:Infinity:undefined:undefined:undefined:undefined":9,"s:52:6:63:Infinity":22,"s:53:8:62:Infinity":23,"s:67:2:79:Infinity":24}}}
,"C:\\Users\\DINH\\OneDrive\\Documents\\PokeGames\\FrontEnd\\src\\app\\components\\PokemonSearchInput.tsx": {"path":"C:\\Users\\DINH\\OneDrive\\Documents\\PokeGames\\FrontEnd\\src\\app\\components\\PokemonSearchInput.tsx","statementMap":{"0":{"start":{"line":22,"column":2},"end":{"line":22,"column":null}},"1":{"start":{"line":22,"column":12},"end":{"line":22,"column":null}},"2":{"start":{"line":23,"column":2},"end":{"line":26,"column":null}},"3":{"start":{"line":37,"column":38},"end":{"line":37,"column":null}},"4":{"start":{"line":38,"column":36},"end":{"line":38,"column":null}},"5":{"start":{"line":39,"column":36},"end":{"line":39,"column":null}},"6":{"start":{"line":41,"column":8},"end":{"line":41,"column":null}},"7":{"start":{"line":42,"column":8},"end":{"line":42,"column":null}},"8":{"start":{"line":43,"column":8},"end":{"line":43,"column":null}},"9":{"start":{"line":46,"column":8},"end":{"line":46,"column":null}},"10":{"start":{"line":47,"column":8},"end":{"line":47,"column":null}},"11":{"start":{"line":50,"column":4},"end":{"line":53,"column":null}},"12":{"start":{"line":51,"column":19},"end":{"line":51,"column":null}},"13":{"start":{"line":52,"column":6},"end":{"line":52,"column":null}},"14":{"start":{"line":56,"column":2},"end":{"line":67,"column":null}},"15":{"start":{"line":58,"column":6},"end":{"line":63,"column":null}},"16":{"start":{"line":62,"column":8},"end":{"line":62,"column":null}},"17":{"start":{"line":65,"column":4},"end":{"line":65,"column":null}},"18":{"start":{"line":66,"column":4},"end":{"line":66,"column":null}},"19":{"start":{"line":66,"column":17},"end":{"line":66,"column":null}},"20":{"start":{"line":69,"column":2},"end":{"line":71,"column":null}},"21":{"start":{"line":70,"column":4},"end":{"line":70,"column":null}},"22":{"start":{"line":70,"column":22},"end":{"line":70,"column":null}},"23":{"start":{"line":73,"column":2},"end":{"line":77,"column":null}},"24":{"start":{"line":74,"column":4},"end":{"line":74,"column":null}},"25":{"start":{"line":74,"column":23},"end":{"line":74,"column":null}},"26":{"start":{"line":75,"column":4},"end":{"line":75,"column":null}},"27":{"start":{"line":76,"column":4},"end":{"line":76,"column":null}},"28":{"start":{"line":76,"column":17},"end":{"line":76,"column":null}},"29":{"start":{"line":81,"column":2},"end":{"line":83,"column":null}},"30":{"start":{"line":82,"column":4},"end":{"line":82,"column":null}},"31":{"start":{"line":85,"column":2},"end":{"line":87,"column":null}},"32":{"start":{"line":86,"column":4},"end":{"line":86,"column":null}},"33":{"start":{"line":89,"column":2},"end":{"line":96,"column":null}},"34":{"start":{"line":90,"column":4},"end":{"line":95,"column":null}},"35":{"start":{"line":91,"column":6},"end":{"line":94,"column":null}},"36":{"start":{"line":99,"column":4},"end":{"line":99,"column":null}},"37":{"start":{"line":100,"column":4},"end":{"line":100,"column":null}},"38":{"start":{"line":104,"column":4},"end":{"line":107,"column":null}},"39":{"start":{"line":105,"column":6},"end":{"line":105,"column":null}},"40":{"start":{"line":106,"column":6},"end":{"line":106,"column":null}},"41":{"start":{"line":110,"column":4},"end":{"line":112,"column":null}},"42":{"start":{"line":111,"column":6},"end":{"line":111,"column":null}},"43":{"start":{"line":114,"column":4},"end":{"line":136,"column":null}},"44":{"start":{"line":116,"column":8},"end":{"line":116,"column":null}},"45":{"start":{"line":117,"column":8},"end":{"line":119,"column":null}},"46":{"start":{"line":118,"column":10},"end":{"line":118,"column":null}},"47":{"start":{"line":118,"column":35},"end":{"line":118,"column":43}},"48":{"start":{"line":120,"column":8},"end":{"line":120,"column":null}},"49":{"start":{"line":122,"column":8},"end":{"line":122,"column":null}},"50":{"start":{"line":123,"column":8},"end":{"line":125,"column":null}},"51":{"start":{"line":124,"column":10},"end":{"line":124,"column":null}},"52":{"start":{"line":124,"column":35},"end":{"line":124,"column":43}},"53":{"start":{"line":126,"column":8},"end":{"line":126,"column":null}},"54":{"start":{"line":128,"column":8},"end":{"line":128,"column":null}},"55":{"start":{"line":129,"column":8},"end":{"line":131,"column":null}},"56":{"start":{"line":130,"column":10},"end":{"line":130,"column":null}},"57":{"start":{"line":132,"column":8},"end":{"line":132,"column":null}},"58":{"start":{"line":134,"column":8},"end":{"line":134,"column":null}},"59":{"start":{"line":135,"column":8},"end":{"line":135,"column":null}},"60":{"start":{"line":141,"column":4},"end":{"line":144,"column":null}},"61":{"start":{"line":142,"column":6},"end":{"line":142,"column":null}},"62":{"start":{"line":143,"column":6},"end":{"line":143,"column":null}},"63":{"start":{"line":147,"column":29},"end":{"line":147,"column":null}},"64":{"start":{"line":149,"column":2},"end":{"line":241,"column":null}},"65":{"start":{"line":160,"column":12},"end":{"line":160,"column":null}},"66":{"start":{"line":161,"column":12},"end":{"line":161,"column":null}},"67":{"start":{"line":163,"column":25},"end":{"line":163,"column":null}},"68":{"start":{"line":198,"column":33},"end":{"line":198,"column":null}},"69":{"start":{"line":199,"column":16},"end":{"line":229,"column":null}},"70":{"start":{"line":202,"column":34},"end":{"line":202,"column":null}},"71":{"start":{"line":203,"column":35},"end":{"line":203,"column":null}},"72":{"start":{"line":205,"column":22},"end":{"line":207,"column":null}},"73":{"start":{"line":206,"column":24},"end":{"line":206,"column":null}}},"fnMap":{"0":{"name":"normalizeString","decl":{"start":{"line":21,"column":16},"end":{"line":21,"column":32}},"loc":{"start":{"line":21,"column":53},"end":{"line":27,"column":null}},"line":21},"1":{"name":"PokemonSearchInput","decl":{"start":{"line":29,"column":24},"end":{"line":29,"column":69}},"loc":{"start":{"line":36,"column":31},"end":{"line":243,"column":null}},"line":36},"2":{"name":"updatePos","decl":{"start":{"line":49,"column":11},"end":{"line":49,"column":23}},"loc":{"start":{"line":49,"column":23},"end":{"line":54,"column":null}},"line":49},"3":{"name":"(anonymous_3)","decl":{"start":{"line":56,"column":12},"end":{"line":56,"column":18}},"loc":{"start":{"line":56,"column":18},"end":{"line":67,"column":5}},"line":56},"4":{"name":"handleClick","decl":{"start":{"line":57,"column":13},"end":{"line":57,"column":25}},"loc":{"start":{"line":57,"column":40},"end":{"line":64,"column":null}},"line":57},"5":{"name":"(anonymous_5)","decl":{"start":{"line":66,"column":11},"end":{"line":66,"column":17}},"loc":{"start":{"line":66,"column":17},"end":{"line":66,"column":null}},"line":66},"6":{"name":"(anonymous_6)","decl":{"start":{"line":69,"column":12},"end":{"line":69,"column":18}},"loc":{"start":{"line":69,"column":18},"end":{"line":71,"column":5}},"line":69},"7":{"name":"(anonymous_7)","decl":{"start":{"line":73,"column":12},"end":{"line":73,"column":18}},"loc":{"start":{"line":73,"column":18},"end":{"line":77,"column":5}},"line":73},"8":{"name":"(anonymous_8)","decl":{"start":{"line":76,"column":11},"end":{"line":76,"column":17}},"loc":{"start":{"line":76,"column":17},"end":{"line":76,"column":null}},"line":76},"9":{"name":"(anonymous_9)","decl":{"start":{"line":81,"column":12},"end":{"line":81,"column":18}},"loc":{"start":{"line":81,"column":18},"end":{"line":83,"column":5}},"line":81},"10":{"name":"(anonymous_10)","decl":{"start":{"line":85,"column":12},"end":{"line":85,"column":18}},"loc":{"start":{"line":85,"column":18},"end":{"line":87,"column":5}},"line":85},"11":{"name":"(anonymous_11)","decl":{"start":{"line":89,"column":12},"end":{"line":89,"column":18}},"loc":{"start":{"line":89,"column":18},"end":{"line":96,"column":5}},"line":89},"12":{"name":"handleSelect","decl":{"start":{"line":98,"column":11},"end":{"line":98,"column":24}},"loc":{"start":{"line":98,"column":33},"end":{"line":101,"column":null}},"line":98},"13":{"name":"handleKeyDown","decl":{"start":{"line":103,"column":11},"end":{"line":103,"column":25}},"loc":{"start":{"line":103,"column":67},"end":{"line":137,"column":null}},"line":103},"14":{"name":"(anonymous_14)","decl":{"start":{"line":118,"column":25},"end":{"line":118,"column":26}},"loc":{"start":{"line":118,"column":35},"end":{"line":118,"column":43}},"line":118},"15":{"name":"(anonymous_15)","decl":{"start":{"line":124,"column":25},"end":{"line":124,"column":26}},"loc":{"start":{"line":124,"column":35},"end":{"line":124,"column":43}},"line":124},"16":{"name":"handleMouseMove","decl":{"start":{"line":140,"column":11},"end":{"line":140,"column":27}},"loc":{"start":{"line":140,"column":48},"end":{"line":145,"column":null}},"line":140},"17":{"name":"(anonymous_17)","decl":{"start":{"line":159,"column":20},"end":{"line":159,"column":21}},"loc":{"start":{"line":159,"column":27},"end":{"line":162,"column":null}},"line":159},"18":{"name":"(anonymous_18)","decl":{"start":{"line":163,"column":19},"end":{"line":163,"column":25}},"loc":{"start":{"line":163,"column":25},"end":{"line":163,"column":null}},"line":163},"19":{"name":"(anonymous_19)","decl":{"start":{"line":197,"column":24},"end":{"line":197,"column":25}},"loc":{"start":{"line":197,"column":41},"end":{"line":231,"column":15}},"line":197},"20":{"name":"(anonymous_20)","decl":{"start":{"line":202,"column":25},"end":{"line":202,"column":26}},"loc":{"start":{"line":202,"column":34},"end":{"line":202,"column":null}},"line":202},"21":{"name":"(anonymous_21)","decl":{"start":{"line":203,"column":29},"end":{"line":203,"column":35}},"loc":{"start":{"line":203,"column":35},"end":{"line":203,"column":null}},"line":203},"22":{"name":"(anonymous_22)","decl":{"start":{"line":204,"column":34},"end":{"line":204,"column":40}},"loc":{"start":{"line":204,"column":40},"end":{"line":208,"column":null}},"line":204}},"branchMap":{"0":{"loc":{"start":{"line":22,"column":2},"end":{"line":22,"column":null}},"type":"if","locations":[{"start":{"line":22,"column":2},"end":{"line":22,"column":null}},{"start":{},"end":{}}],"line":22},"1":{"loc":{"start":{"line":34,"column":2},"end":{"line":34,"column":null}},"type":"default-arg","locations":[{"start":{"line":34,"column":13},"end":{"line":34,"column":null}}],"line":34},"2":{"loc":{"start":{"line":35,"column":2},"end":{"line":35,"column":null}},"type":"default-arg","locations":[{"start":{"line":35,"column":16},"end":{"line":35,"column":null}}],"line":35},"3":{"loc":{"start":{"line":50,"column":4},"end":{"line":53,"column":null}},"type":"if","locations":[{"start":{"line":50,"column":4},"end":{"line":53,"column":null}},{"start":{},"end":{}}],"line":50},"4":{"loc":{"start":{"line":58,"column":6},"end":{"line":63,"column":null}},"type":"if","locations":[{"start":{"line":58,"column":6},"end":{"line":63,"column":null}},{"start":{},"end":{}}],"line":58},"5":{"loc":{"start":{"line":59,"column":8},"end":{"line":60,"column":null}},"type":"binary-expr","locations":[{"start":{"line":59,"column":8},"end":{"line":59,"column":32}},{"start":{"line":59,"column":32},"end":{"line":59,"column":null}},{"start":{"line":60,"column":9},"end":{"line":60,"column":31}},{"start":{"line":60,"column":31},"end":{"line":60,"column":null}}],"line":59},"6":{"loc":{"start":{"line":70,"column":4},"end":{"line":70,"column":null}},"type":"if","locations":[{"start":{"line":70,"column":4},"end":{"line":70,"column":null}},{"start":{},"end":{}}],"line":70},"7":{"loc":{"start":{"line":74,"column":4},"end":{"line":74,"column":null}},"type":"if","locations":[{"start":{"line":74,"column":4},"end":{"line":74,"column":null}},{"start":{},"end":{}}],"line":74},"8":{"loc":{"start":{"line":90,"column":4},"end":{"line":95,"column":null}},"type":"if","locations":[{"start":{"line":90,"column":4},"end":{"line":95,"column":null}},{"start":{},"end":{}}],"line":90},"9":{"loc":{"start":{"line":90,"column":8},"end":{"line":90,"column":55}},"type":"binary-expr","locations":[{"start":{"line":90,"column":8},"end":{"line":90,"column":24}},{"start":{"line":90,"column":24},"end":{"line":90,"column":55}}],"line":90},"10":{"loc":{"start":{"line":104,"column":4},"end":{"line":107,"column":null}},"type":"if","locations":[{"start":{"line":104,"column":4},"end":{"line":107,"column":null}},{"start":{},"end":{}}],"line":104},"11":{"loc":{"start":{"line":104,"column":8},"end":{"line":104,"column":73}},"type":"binary-expr","locations":[{"start":{"line":104,"column":8},"end":{"line":104,"column":26}},{"start":{"line":104,"column":26},"end":{"line":104,"column":51}},{"start":{"line":104,"column":51},"end":{"line":104,"column":73}}],"line":104},"12":{"loc":{"start":{"line":110,"column":4},"end":{"line":112,"column":null}},"type":"if","locations":[{"start":{"line":110,"column":4},"end":{"line":112,"column":null}},{"start":{},"end":{}}],"line":110},"13":{"loc":{"start":{"line":110,"column":8},"end":{"line":110,"column":54}},"type":"binary-expr","locations":[{"start":{"line":110,"column":8},"end":{"line":110,"column":33}},{"start":{"line":110,"column":33},"end":{"line":110,"column":54}}],"line":110},"14":{"loc":{"start":{"line":114,"column":4},"end":{"line":136,"column":null}},"type":"switch","locations":[{"start":{"line":115,"column":6},"end":{"line":120,"column":null}},{"start":{"line":121,"column":6},"end":{"line":126,"column":null}},{"start":{"line":127,"column":6},"end":{"line":132,"column":null}},{"start":{"line":133,"column":6},"end":{"line":135,"column":null}}],"line":114},"15":{"loc":{"start":{"line":117,"column":8},"end":{"line":119,"column":null}},"type":"if","locations":[{"start":{"line":117,"column":8},"end":{"line":119,"column":null}},{"start":{},"end":{}}],"line":117},"16":{"loc":{"start":{"line":123,"column":8},"end":{"line":125,"column":null}},"type":"if","locations":[{"start":{"line":123,"column":8},"end":{"line":125,"column":null}},{"start":{},"end":{}}],"line":123},"17":{"loc":{"start":{"line":129,"column":8},"end":{"line":131,"column":null}},"type":"if","locations":[{"start":{"line":129,"column":8},"end":{"line":131,"column":null}},{"start":{},"end":{}}],"line":129},"18":{"loc":{"start":{"line":129,"column":12},"end":{"line":129,"column":46}},"type":"binary-expr","locations":[{"start":{"line":129,"column":12},"end":{"line":129,"column":28}},{"start":{"line":129,"column":28},"end":{"line":129,"column":46}}],"line":129},"19":{"loc":{"start":{"line":141,"column":4},"end":{"line":144,"column":null}},"type":"if","locations":[{"start":{"line":141,"column":4},"end":{"line":144,"column":null}},{"start":{},"end":{}}],"line":141},"20":{"loc":{"start":{"line":141,"column":8},"end":{"line":141,"column":86}},"type":"binary-expr","locations":[{"start":{"line":141,"column":8},"end":{"line":141,"column":48}},{"start":{"line":141,"column":48},"end":{"line":141,"column":86}}],"line":141},"21":{"loc":{"start":{"line":147,"column":29},"end":{"line":147,"column":null}},"type":"binary-expr","locations":[{"start":{"line":147,"column":29},"end":{"line":147,"column":46}},{"start":{"line":147,"column":46},"end":{"line":147,"column":66}},{"start":{"line":147,"column":66},"end":{"line":147,"column":null}}],"line":147},"22":{"loc":{"start":{"line":152,"column":21},"end":{"line":152,"column":null}},"type":"binary-expr","locations":[{"start":{"line":152,"column":21},"end":{"line":152,"column":43}},{"start":{"line":152,"column":43},"end":{"line":152,"column":null}}],"line":152},"23":{"loc":{"start":{"line":170,"column":33},"end":{"line":170,"column":null}},"type":"cond-expr","locations":[{"start":{"line":170,"column":68},"end":{"line":170,"column":102}},{"start":{"line":170,"column":102},"end":{"line":170,"column":null}}],"line":170},"24":{"loc":{"start":{"line":170,"column":33},"end":{"line":170,"column":68}},"type":"binary-expr","locations":[{"start":{"line":170,"column":33},"end":{"line":170,"column":49}},{"start":{"line":170,"column":49},"end":{"line":170,"column":68}}],"line":170},"25":{"loc":{"start":{"line":175,"column":7},"end":{"line":240,"column":null}},"type":"binary-expr","locations":[{"start":{"line":175,"column":7},"end":{"line":175,"column":29}},{"start":{"line":175,"column":7},"end":{"line":240,"column":null}}],"line":175},"26":{"loc":{"start":{"line":191,"column":25},"end":{"line":191,"column":null}},"type":"binary-expr","locations":[{"start":{"line":191,"column":25},"end":{"line":191,"column":47}},{"start":{"line":191,"column":47},"end":{"line":191,"column":null}}],"line":191},"27":{"loc":{"start":{"line":196,"column":13},"end":{"line":235,"column":null}},"type":"cond-expr","locations":[{"start":{"line":197,"column":14},"end":{"line":231,"column":null}},{"start":{"line":233,"column":14},"end":{"line":235,"column":null}}],"line":196},"28":{"loc":{"start":{"line":205,"column":22},"end":{"line":207,"column":null}},"type":"if","locations":[{"start":{"line":205,"column":22},"end":{"line":207,"column":null}},{"start":{},"end":{}}],"line":205},"29":{"loc":{"start":{"line":214,"column":39},"end":{"line":214,"column":null}},"type":"cond-expr","locations":[{"start":{"line":214,"column":50},"end":{"line":214,"column":70}},{"start":{"line":214,"column":70},"end":{"line":214,"column":null}}],"line":214},"30":{"loc":{"start":{"line":217,"column":21},"end":{"line":221,"column":null}},"type":"binary-expr","locations":[{"start":{"line":217,"column":21},"end":{"line":217,"column":null}},{"start":{"line":218,"column":22},"end":{"line":221,"column":null}}],"line":217},"31":{"loc":{"start":{"line":219,"column":40},"end":{"line":219,"column":96}},"type":"cond-expr","locations":[{"start":{"line":219,"column":51},"end":{"line":219,"column":78}},{"start":{"line":219,"column":78},"end":{"line":219,"column":96}}],"line":219},"32":{"loc":{"start":{"line":225,"column":23},"end":{"line":226,"column":null}},"type":"binary-expr","locations":[{"start":{"line":225,"column":23},"end":{"line":225,"column":null}},{"start":{"line":226,"column":24},"end":{"line":226,"column":null}}],"line":225}},"s":{"0":17,"1":1,"2":16,"3":80,"4":80,"5":80,"6":80,"7":80,"8":80,"9":80,"10":80,"11":19,"12":19,"13":19,"14":80,"15":18,"16":1,"17":23,"18":23,"19":23,"20":80,"21":47,"22":19,"23":80,"24":46,"25":28,"26":18,"27":18,"28":18,"29":80,"30":24,"31":80,"32":23,"33":80,"34":58,"35":28,"36":3,"37":3,"38":20,"39":0,"40":0,"41":20,"42":14,"43":20,"44":12,"45":12,"46":9,"47":9,"48":12,"49":2,"50":2,"51":1,"52":1,"53":2,"54":1,"55":1,"56":1,"57":1,"58":1,"59":1,"60":3,"61":0,"62":0,"63":80,"64":80,"65":4,"66":4,"67":18,"68":140,"69":140,"70":262,"71":2,"72":3,"73":3},"f":{"0":17,"1":80,"2":19,"3":23,"4":18,"5":23,"6":47,"7":46,"8":18,"9":24,"10":23,"11":58,"12":3,"13":20,"14":9,"15":1,"16":3,"17":4,"18":18,"19":140,"20":262,"21":2,"22":3},"b":{"0":[1,16],"1":[80],"2":[80],"3":[19,0],"4":[1,17],"5":[18,18,3,3],"6":[19,28],"7":[28,18],"8":[28,30],"9":[58,30],"10":[0,20],"11":[20,0,0],"12":[14,6],"13":[20,8],"14":[12,2,1,1],"15":[9,3],"16":[1,1],"17":[1,0],"18":[1,1],"19":[0,3],"20":[3,3],"21":[80,52,4],"22":[80,0],"23":[48,32],"24":[80,52],"25":[80,50],"26":[50,0],"27":[48,2],"28":[3,0],"29":[48,92],"30":[140,132],"31":[44,88],"32":[140,48]},"meta":{"lastBranch":33,"lastFunction":23,"lastStatement":74,"seen":{"f:21:16:21:32":0,"b:22:2:22:Infinity:undefined:undefined:undefined:undefined":0,"s:22:2:22:Infinity":0,"s:22:12:22:Infinity":1,"s:23:2:26:Infinity":2,"f:29:24:29:69":1,"b:34:13:34:Infinity":1,"b:35:16:35:Infinity":2,"s:37:38:37:Infinity":3,"s:38:36:38:Infinity":4,"s:39:36:39:Infinity":5,"s:41:8:41:Infinity":6,"s:42:8:42:Infinity":7,"s:43:8:43:Infinity":8,"s:46:8:46:Infinity":9,"s:47:8:47:Infinity":10,"f:49:11:49:23":2,"b:50:4:53:Infinity:undefined:undefined:undefined:undefined":3,"s:50:4:53:Infinity":11,"s:51:19:51:Infinity":12,"s:52:6:52:Infinity":13,"s:56:2:67:Infinity":14,"f:56:12:56:18":3,"f:57:13:57:25":4,"b:58:6:63:Infinity:undefined:undefined:undefined:undefined":4,"s:58:6:63:Infinity":15,"b:59:8:59:32:59:32:59:Infinity:60:9:60:31:60:31:60:Infinity":5,"s:62:8:62:Infinity":16,"s:65:4:65:Infinity":17,"s:66:4:66:Infinity":18,"f:66:11:66:17":5,"s:66:17:66:Infinity":19,"s:69:2:71:Infinity":20,"f:69:12:69:18":6,"b:70:4:70:Infinity:undefined:undefined:undefined:undefined":6,"s:70:4:70:Infinity":21,"s:70:22:70:Infinity":22,"s:73:2:77:Infinity":23,"f:73:12:73:18":7,"b:74:4:74:Infinity:undefined:undefined:undefined:undefined":7,"s:74:4:74:Infinity":24,"s:74:23:74:Infinity":25,"s:75:4:75:Infinity":26,"s:76:4:76:Infinity":27,"f:76:11:76:17":8,"s:76:17:76:Infinity":28,"s:81:2:83:Infinity":29,"f:81:12:81:18":9,"s:82:4:82:Infinity":30,"s:85:2:87:Infinity":31,"f:85:12:85:18":10,"s:86:4:86:Infinity":32,"s:89:2:96:Infinity":33,"f:89:12:89:18":11,"b:90:4:95:Infinity:undefined:undefined:undefined:undefined":8,"s:90:4:95:Infinity":34,"b:90:8:90:24:90:24:90:55":9,"s:91:6:94:Infinity":35,"f:98:11:98:24":12,"s:99:4:99:Infinity":36,"s:100:4:100:Infinity":37,"f:103:11:103:25":13,"b:104:4:107:Infinity:undefined:undefined:undefined:undefined":10,"s:104:4:107:Infinity":38,"b:104:8:104:26:104:26:104:51:104:51:104:73":11,"s:105:6:105:Infinity":39,"s:106:6:106:Infinity":40,"b:110:4:112:Infinity:undefined:undefined:undefined:undefined":12,"s:110:4:112:Infinity":41,"b:110:8:110:33:110:33:110:54":13,"s:111:6:111:Infinity":42,"b:115:6:120:Infinity:121:6:126:Infinity:127:6:132:Infinity:133:6:135:Infinity":14,"s:114:4:136:Infinity":43,"s:116:8:116:Infinity":44,"b:117:8:119:Infinity:undefined:undefined:undefined:undefined":15,"s:117:8:119:Infinity":45,"s:118:10:118:Infinity":46,"f:118:25:118:26":14,"s:118:35:118:43":47,"s:120:8:120:Infinity":48,"s:122:8:122:Infinity":49,"b:123:8:125:Infinity:undefined:undefined:undefined:undefined":16,"s:123:8:125:Infinity":50,"s:124:10:124:Infinity":51,"f:124:25:124:26":15,"s:124:35:124:43":52,"s:126:8:126:Infinity":53,"s:128:8:128:Infinity":54,"b:129:8:131:Infinity:undefined:undefined:undefined:undefined":17,"s:129:8:131:Infinity":55,"b:129:12:129:28:129:28:129:46":18,"s:130:10:130:Infinity":56,"s:132:8:132:Infinity":57,"s:134:8:134:Infinity":58,"s:135:8:135:Infinity":59,"f:140:11:140:27":16,"b:141:4:144:Infinity:undefined:undefined:undefined:undefined":19,"s:141:4:144:Infinity":60,"b:141:8:141:48:141:48:141:86":20,"s:142:6:142:Infinity":61,"s:143:6:143:Infinity":62,"s:147:29:147:Infinity":63,"b:147:29:147:46:147:46:147:66:147:66:147:Infinity":21,"s:149:2:241:Infinity":64,"b:152:21:152:43:152:43:152:Infinity":22,"f:159:20:159:21":17,"s:160:12:160:Infinity":65,"s:161:12:161:Infinity":66,"f:163:19:163:25":18,"s:163:25:163:Infinity":67,"b:170:68:170:102:170:102:170:Infinity":23,"b:170:33:170:49:170:49:170:68":24,"b:175:7:175:29:175:7:240:Infinity":25,"b:191:25:191:47:191:47:191:Infinity":26,"b:197:14:231:Infinity:233:14:235:Infinity":27,"f:197:24:197:25":19,"s:198:33:198:Infinity":68,"s:199:16:229:Infinity":69,"f:202:25:202:26":20,"s:202:34:202:Infinity":70,"f:203:29:203:35":21,"s:203:35:203:Infinity":71,"f:204:34:204:40":22,"b:205:22:207:Infinity:undefined:undefined:undefined:undefined":28,"s:205:22:207:Infinity":72,"s:206:24:206:Infinity":73,"b:214:50:214:70:214:70:214:Infinity":29,"b:217:21:217:Infinity:218:22:221:Infinity":30,"b:219:51:219:78:219:78:219:96":31,"b:225:23:225:Infinity:226:24:226:Infinity":32}}}
,"C:\\Users\\DINH\\OneDrive\\Documents\\PokeGames\\FrontEnd\\src\\app\\components\\SectionTitle.tsx": {"path":"C:\\Users\\DINH\\OneDrive\\Documents\\PokeGames\\FrontEnd\\src\\app\\components\\SectionTitle.tsx","statementMap":{"0":{"start":{"line":10,"column":2},"end":{"line":14,"column":null}}},"fnMap":{"0":{"name":"SectionTitle","decl":{"start":{"line":9,"column":24},"end":{"line":9,"column":37}},"loc":{"start":{"line":9,"column":86},"end":{"line":16,"column":null}},"line":9}},"branchMap":{"0":{"loc":{"start":{"line":9,"column":49},"end":{"line":9,"column":64}},"type":"default-arg","locations":[{"start":{"line":9,"column":61},"end":{"line":9,"column":64}}],"line":9}},"s":{"0":6},"f":{"0":6},"b":{"0":[6]},"meta":{"lastBranch":1,"lastFunction":1,"lastStatement":1,"seen":{"f:9:24:9:37":0,"b:9:61:9:64":0,"s:10:2:14:Infinity":0}}}
,"C:\\Users\\DINH\\OneDrive\\Documents\\PokeGames\\FrontEnd\\src\\app\\components\\SubCard.tsx": {"path":"C:\\Users\\DINH\\OneDrive\\Documents\\PokeGames\\FrontEnd\\src\\app\\components\\SubCard.tsx","statementMap":{"0":{"start":{"line":23,"column":24},"end":{"line":23,"column":null}},"1":{"start":{"line":34,"column":2},"end":{"line":55,"column":null}}},"fnMap":{"0":{"name":"SubCard","decl":{"start":{"line":13,"column":24},"end":{"line":13,"column":33}},"loc":{"start":{"line":21,"column":17},"end":{"line":57,"column":null}},"line":21}},"branchMap":{"0":{"loc":{"start":{"line":15,"column":2},"end":{"line":15,"column":null}},"type":"default-arg","locations":[{"start":{"line":15,"column":14},"end":{"line":15,"column":null}}],"line":15},"1":{"loc":{"start":{"line":16,"column":2},"end":{"line":16,"column":null}},"type":"default-arg","locations":[{"start":{"line":16,"column":15},"end":{"line":16,"column":null}}],"line":16},"2":{"loc":{"start":{"line":17,"column":2},"end":{"line":17,"column":null}},"type":"default-arg","locations":[{"start":{"line":17,"column":16},"end":{"line":17,"column":null}}],"line":17},"3":{"loc":{"start":{"line":18,"column":2},"end":{"line":18,"column":null}},"type":"default-arg","locations":[{"start":{"line":18,"column":20},"end":{"line":18,"column":null}}],"line":18}},"s":{"0":133,"1":133},"f":{"0":133},"b":{"0":[133],"1":[133],"2":[133],"3":[133]},"meta":{"lastBranch":4,"lastFunction":1,"lastStatement":2,"seen":{"f:13:24:13:33":0,"b:15:14:15:Infinity":0,"b:16:15:16:Infinity":1,"b:17:16:17:Infinity":2,"b:18:20:18:Infinity":3,"s:23:24:23:Infinity":0,"s:34:2:55:Infinity":1}}}
,"C:\\Users\\DINH\\OneDrive\\Documents\\PokeGames\\FrontEnd\\src\\app\\components\\Timer.tsx": {"path":"C:\\Users\\DINH\\OneDrive\\Documents\\PokeGames\\FrontEnd\\src\\app\\components\\Timer.tsx","statementMap":{"0":{"start":{"line":13,"column":16},"end":{"line":13,"column":null}},"1":{"start":{"line":14,"column":12},"end":{"line":14,"column":null}},"2":{"start":{"line":15,"column":12},"end":{"line":15,"column":null}},"3":{"start":{"line":16,"column":2},"end":{"line":16,"column":null}},"4":{"start":{"line":28,"column":4},"end":{"line":34,"column":null}},"5":{"start":{"line":37,"column":4},"end":{"line":41,"column":null}},"6":{"start":{"line":43,"column":2},"end":{"line":73,"column":null}}},"fnMap":{"0":{"name":"formatElapsed","decl":{"start":{"line":12,"column":9},"end":{"line":12,"column":23}},"loc":{"start":{"line":12,"column":53},"end":{"line":17,"column":null}},"line":12},"1":{"name":"Timer","decl":{"start":{"line":19,"column":24},"end":{"line":19,"column":30}},"loc":{"start":{"line":26,"column":15},"end":{"line":75,"column":null}},"line":26}},"branchMap":{"0":{"loc":{"start":{"line":16,"column":9},"end":{"line":16,"column":null}},"type":"cond-expr","locations":[{"start":{"line":16,"column":17},"end":{"line":16,"column":33}},{"start":{"line":16,"column":33},"end":{"line":16,"column":null}}],"line":16},"1":{"loc":{"start":{"line":21,"column":2},"end":{"line":21,"column":null}},"type":"default-arg","locations":[{"start":{"line":21,"column":9},"end":{"line":21,"column":null}}],"line":21},"2":{"loc":{"start":{"line":22,"column":2},"end":{"line":22,"column":null}},"type":"default-arg","locations":[{"start":{"line":22,"column":10},"end":{"line":22,"column":null}}],"line":22},"3":{"loc":{"start":{"line":23,"column":2},"end":{"line":23,"column":null}},"type":"default-arg","locations":[{"start":{"line":23,"column":10},"end":{"line":23,"column":null}}],"line":23},"4":{"loc":{"start":{"line":24,"column":2},"end":{"line":24,"column":null}},"type":"default-arg","locations":[{"start":{"line":24,"column":16},"end":{"line":24,"column":null}}],"line":24},"5":{"loc":{"start":{"line":28,"column":4},"end":{"line":34,"column":null}},"type":"cond-expr","locations":[{"start":{"line":29,"column":8},"end":{"line":33,"column":null}},{"start":{"line":34,"column":8},"end":{"line":34,"column":null}}],"line":28},"6":{"loc":{"start":{"line":29,"column":8},"end":{"line":33,"column":null}},"type":"cond-expr","locations":[{"start":{"line":30,"column":10},"end":{"line":30,"column":null}},{"start":{"line":31,"column":10},"end":{"line":33,"column":null}}],"line":29},"7":{"loc":{"start":{"line":31,"column":10},"end":{"line":33,"column":null}},"type":"cond-expr","locations":[{"start":{"line":32,"column":12},"end":{"line":32,"column":null}},{"start":{"line":33,"column":12},"end":{"line":33,"column":null}}],"line":31},"8":{"loc":{"start":{"line":37,"column":4},"end":{"line":41,"column":null}},"type":"cond-expr","locations":[{"start":{"line":38,"column":9},"end":{"line":40,"column":null}},{"start":{"line":41,"column":8},"end":{"line":41,"column":null}}],"line":37},"9":{"loc":{"start":{"line":38,"column":9},"end":{"line":40,"column":null}},"type":"cond-expr","locations":[{"start":{"line":39,"column":10},"end":{"line":39,"column":null}},{"start":{"line":40,"column":10},"end":{"line":40,"column":null}}],"line":38},"10":{"loc":{"start":{"line":38,"column":9},"end":{"line":38,"column":null}},"type":"binary-expr","locations":[{"start":{"line":38,"column":9},"end":{"line":38,"column":29}},{"start":{"line":38,"column":29},"end":{"line":38,"column":null}}],"line":38},"11":{"loc":{"start":{"line":46,"column":85},"end":{"line":46,"column":132}},"type":"cond-expr","locations":[{"start":{"line":46,"column":93},"end":{"line":46,"column":130}},{"start":{"line":46,"column":130},"end":{"line":46,"column":132}}],"line":46},"12":{"loc":{"start":{"line":46,"column":136},"end":{"line":46,"column":186}},"type":"cond-expr","locations":[{"start":{"line":46,"column":144},"end":{"line":46,"column":184}},{"start":{"line":46,"column":184},"end":{"line":46,"column":186}}],"line":46},"13":{"loc":{"start":{"line":51,"column":9},"end":{"line":54,"column":null}},"type":"binary-expr","locations":[{"start":{"line":51,"column":9},"end":{"line":51,"column":24}},{"start":{"line":51,"column":24},"end":{"line":51,"column":null}},{"start":{"line":52,"column":10},"end":{"line":54,"column":null}}],"line":51}},"s":{"0":5,"1":5,"2":5,"3":5,"4":17,"5":17,"6":17},"f":{"0":5,"1":17},"b":{"0":[2,3],"1":[17],"2":[17],"3":[17],"4":[17],"5":[12,5],"6":[4,8],"7":[0,8],"8":[12,5],"9":[2,10],"10":[12,11],"11":[1,16],"12":[1,16],"13":[17,2,1]},"meta":{"lastBranch":14,"lastFunction":2,"lastStatement":7,"seen":{"f:12:9:12:23":0,"s:13:16:13:Infinity":0,"s:14:12:14:Infinity":1,"s:15:12:15:Infinity":2,"s:16:2:16:Infinity":3,"b:16:17:16:33:16:33:16:Infinity":0,"f:19:24:19:30":1,"b:21:9:21:Infinity":1,"b:22:10:22:Infinity":2,"b:23:10:23:Infinity":3,"b:24:16:24:Infinity":4,"s:28:4:34:Infinity":4,"b:29:8:33:Infinity:34:8:34:Infinity":5,"b:30:10:30:Infinity:31:10:33:Infinity":6,"b:32:12:32:Infinity:33:12:33:Infinity":7,"s:37:4:41:Infinity":5,"b:38:9:40:Infinity:41:8:41:Infinity":8,"b:39:10:39:Infinity:40:10:40:Infinity":9,"b:38:9:38:29:38:29:38:Infinity":10,"s:43:2:73:Infinity":6,"b:46:93:46:130:46:130:46:132":11,"b:46:144:46:184:46:184:46:186":12,"b:51:9:51:24:51:24:51:Infinity:52:10:54:Infinity":13}}}
,"C:\\Users\\DINH\\OneDrive\\Documents\\PokeGames\\FrontEnd\\src\\app\\components\\WinnerCard.tsx": {"path":"C:\\Users\\DINH\\OneDrive\\Documents\\PokeGames\\FrontEnd\\src\\app\\components\\WinnerCard.tsx","statementMap":{"0":{"start":{"line":21,"column":16},"end":{"line":21,"column":null}},"1":{"start":{"line":22,"column":21},"end":{"line":22,"column":null}},"2":{"start":{"line":24,"column":2},"end":{"line":36,"column":null}},"3":{"start":{"line":25,"column":4},"end":{"line":25,"column":null}},"4":{"start":{"line":26,"column":4},"end":{"line":26,"column":null}},"5":{"start":{"line":27,"column":2},"end":{"line":36,"column":null}},"6":{"start":{"line":28,"column":4},"end":{"line":28,"column":null}},"7":{"start":{"line":29,"column":4},"end":{"line":29,"column":null}},"8":{"start":{"line":30,"column":2},"end":{"line":36,"column":null}},"9":{"start":{"line":31,"column":4},"end":{"line":31,"column":null}},"10":{"start":{"line":32,"column":4},"end":{"line":32,"column":null}},"11":{"start":{"line":34,"column":4},"end":{"line":34,"column":null}},"12":{"start":{"line":35,"column":4},"end":{"line":35,"column":null}},"13":{"start":{"line":38,"column":2},"end":{"line":68,"column":null}}},"fnMap":{"0":{"name":"WinnerCard","decl":{"start":{"line":13,"column":24},"end":{"line":13,"column":35}},"loc":{"start":{"line":20,"column":20},"end":{"line":70,"column":null}},"line":20}},"branchMap":{"0":{"loc":{"start":{"line":17,"column":2},"end":{"line":17,"column":null}},"type":"default-arg","locations":[{"start":{"line":17,"column":14},"end":{"line":17,"column":null}}],"line":17},"1":{"loc":{"start":{"line":18,"column":2},"end":{"line":18,"column":null}},"type":"default-arg","locations":[{"start":{"line":18,"column":16},"end":{"line":18,"column":null}}],"line":18},"2":{"loc":{"start":{"line":19,"column":2},"end":{"line":19,"column":null}},"type":"default-arg","locations":[{"start":{"line":19,"column":14},"end":{"line":19,"column":null}}],"line":19},"3":{"loc":{"start":{"line":24,"column":2},"end":{"line":36,"column":null}},"type":"if","locations":[{"start":{"line":24,"column":2},"end":{"line":36,"column":null}},{"start":{"line":27,"column":2},"end":{"line":36,"column":null}}],"line":24},"4":{"loc":{"start":{"line":27,"column":2},"end":{"line":36,"column":null}},"type":"if","locations":[{"start":{"line":27,"column":2},"end":{"line":36,"column":null}},{"start":{"line":30,"column":2},"end":{"line":36,"column":null}}],"line":27},"5":{"loc":{"start":{"line":30,"column":2},"end":{"line":36,"column":null}},"type":"if","locations":[{"start":{"line":30,"column":2},"end":{"line":36,"column":null}},{"start":{"line":33,"column":9},"end":{"line":36,"column":null}}],"line":30},"6":{"loc":{"start":{"line":53,"column":9},"end":{"line":65,"column":null}},"type":"binary-expr","locations":[{"start":{"line":53,"column":9},"end":{"line":53,"column":19}},{"start":{"line":53,"column":19},"end":{"line":53,"column":30}},{"start":{"line":53,"column":30},"end":{"line":53,"column":null}},{"start":{"line":54,"column":10},"end":{"line":65,"column":null}}],"line":53}},"s":{"0":10,"1":10,"2":10,"3":3,"4":3,"5":7,"6":2,"7":2,"8":5,"9":2,"10":2,"11":3,"12":3,"13":10},"f":{"0":10},"b":{"0":[10],"1":[10],"2":[10],"3":[3,7],"4":[2,5],"5":[2,3],"6":[10,4,3,2]},"meta":{"lastBranch":7,"lastFunction":1,"lastStatement":14,"seen":{"f:13:24:13:35":0,"b:17:14:17:Infinity":0,"b:18:16:18:Infinity":1,"b:19:14:19:Infinity":2,"s:21:16:21:Infinity":0,"s:22:21:22:Infinity":1,"b:24:2:36:Infinity:27:2:36:Infinity":3,"s:24:2:36:Infinity":2,"s:25:4:25:Infinity":3,"s:26:4:26:Infinity":4,"b:27:2:36:Infinity:30:2:36:Infinity":4,"s:27:2:36:Infinity":5,"s:28:4:28:Infinity":6,"s:29:4:29:Infinity":7,"b:30:2:36:Infinity:33:9:36:Infinity":5,"s:30:2:36:Infinity":8,"s:31:4:31:Infinity":9,"s:32:4:32:Infinity":10,"s:34:4:34:Infinity":11,"s:35:4:35:Infinity":12,"s:38:2:68:Infinity":13,"b:53:9:53:19:53:19:53:30:53:30:53:Infinity:54:10:65:Infinity":6}}}
,"C:\\Users\\DINH\\OneDrive\\Documents\\PokeGames\\FrontEnd\\src\\app\\components\\images\\indice_type.png": {"path":"C:\\Users\\DINH\\OneDrive\\Documents\\PokeGames\\FrontEnd\\src\\app\\components\\images\\indice_type.png","statementMap":{},"fnMap":{},"branchMap":{},"s":{},"f":{},"b":{},"meta":{"lastBranch":0,"lastFunction":0,"lastStatement":0,"seen":{}}}
,"C:\\Users\\DINH\\OneDrive\\Documents\\PokeGames\\FrontEnd\\src\\app\\components\\modals\\FailureModal.tsx": {"path":"C:\\Users\\DINH\\OneDrive\\Documents\\PokeGames\\FrontEnd\\src\\app\\components\\modals\\FailureModal.tsx","statementMap":{"0":{"start":{"line":15,"column":2},"end":{"line":15,"column":null}},"1":{"start":{"line":15,"column":24},"end":{"line":15,"column":null}},"2":{"start":{"line":17,"column":2},"end":{"line":58,"column":null}}},"fnMap":{"0":{"name":"FailureModal","decl":{"start":{"line":14,"column":24},"end":{"line":14,"column":37}},"loc":{"start":{"line":14,"column":125},"end":{"line":60,"column":null}},"line":14}},"branchMap":{"0":{"loc":{"start":{"line":15,"column":2},"end":{"line":15,"column":null}},"type":"if","locations":[{"start":{"line":15,"column":2},"end":{"line":15,"column":null}},{"start":{},"end":{}}],"line":15},"1":{"loc":{"start":{"line":15,"column":6},"end":{"line":15,"column":24}},"type":"binary-expr","locations":[{"start":{"line":15,"column":6},"end":{"line":15,"column":15}},{"start":{"line":15,"column":15},"end":{"line":15,"column":24}}],"line":15},"2":{"loc":{"start":{"line":28,"column":15},"end":{"line":28,"column":null}},"type":"cond-expr","locations":[{"start":{"line":28,"column":27},"end":{"line":28,"column":46}},{"start":{"line":28,"column":46},"end":{"line":28,"column":null}}],"line":28},"3":{"loc":{"start":{"line":53,"column":15},"end":{"line":53,"column":null}},"type":"cond-expr","locations":[{"start":{"line":53,"column":32},"end":{"line":53,"column":55}},{"start":{"line":53,"column":55},"end":{"line":53,"column":null}}],"line":53}},"s":{"0":9,"1":2,"2":7},"f":{"0":9},"b":{"0":[2,7],"1":[9,8],"2":[1,6],"3":[1,6]},"meta":{"lastBranch":4,"lastFunction":1,"lastStatement":3,"seen":{"f:14:24:14:37":0,"b:15:2:15:Infinity:undefined:undefined:undefined:undefined":0,"s:15:2:15:Infinity":0,"b:15:6:15:15:15:15:15:24":1,"s:15:24:15:Infinity":1,"s:17:2:58:Infinity":2,"b:28:27:28:46:28:46:28:Infinity":2,"b:53:32:53:55:53:55:53:Infinity":3}}}
,"C:\\Users\\DINH\\OneDrive\\Documents\\PokeGames\\FrontEnd\\src\\app\\components\\modals\\SuccessModal.tsx": {"path":"C:\\Users\\DINH\\OneDrive\\Documents\\PokeGames\\FrontEnd\\src\\app\\components\\modals\\SuccessModal.tsx","statementMap":{"0":{"start":{"line":14,"column":2},"end":{"line":14,"column":null}},"1":{"start":{"line":14,"column":24},"end":{"line":14,"column":null}},"2":{"start":{"line":16,"column":2},"end":{"line":57,"column":null}}},"fnMap":{"0":{"name":"SuccessModal","decl":{"start":{"line":13,"column":24},"end":{"line":13,"column":37}},"loc":{"start":{"line":13,"column":114},"end":{"line":59,"column":null}},"line":13}},"branchMap":{"0":{"loc":{"start":{"line":14,"column":2},"end":{"line":14,"column":null}},"type":"if","locations":[{"start":{"line":14,"column":2},"end":{"line":14,"column":null}},{"start":{},"end":{}}],"line":14},"1":{"loc":{"start":{"line":14,"column":6},"end":{"line":14,"column":24}},"type":"binary-expr","locations":[{"start":{"line":14,"column":6},"end":{"line":14,"column":15}},{"start":{"line":14,"column":15},"end":{"line":14,"column":24}}],"line":14},"2":{"loc":{"start":{"line":52,"column":15},"end":{"line":52,"column":null}},"type":"cond-expr","locations":[{"start":{"line":52,"column":32},"end":{"line":52,"column":55}},{"start":{"line":52,"column":55},"end":{"line":52,"column":null}}],"line":52}},"s":{"0":8,"1":2,"2":6},"f":{"0":8},"b":{"0":[2,6],"1":[8,7],"2":[1,5]},"meta":{"lastBranch":3,"lastFunction":1,"lastStatement":3,"seen":{"f:13:24:13:37":0,"b:14:2:14:Infinity:undefined:undefined:undefined:undefined":0,"s:14:2:14:Infinity":0,"b:14:6:14:15:14:15:14:24":1,"s:14:24:14:Infinity":1,"s:16:2:57:Infinity":2,"b:52:32:52:55:52:55:52:Infinity":2}}}
,"C:\\Users\\DINH\\OneDrive\\Documents\\PokeGames\\FrontEnd\\src\\app\\components\\modals\\ZoomDescriptionModal.tsx": {"path":"C:\\Users\\DINH\\OneDrive\\Documents\\PokeGames\\FrontEnd\\src\\app\\components\\modals\\ZoomDescriptionModal.tsx","statementMap":{"0":{"start":{"line":19,"column":2},"end":{"line":19,"column":null}},"1":{"start":{"line":19,"column":13},"end":{"line":19,"column":null}},"2":{"start":{"line":21,"column":2},"end":{"line":71,"column":null}},"3":{"start":{"line":26,"column":56},"end":{"line":26,"column":null}},"4":{"start":{"line":50,"column":33},"end":{"line":50,"column":null}},"5":{"start":{"line":50,"column":48},"end":{"line":50,"column":105}},"6":{"start":{"line":60,"column":33},"end":{"line":60,"column":null}},"7":{"start":{"line":60,"column":48},"end":{"line":60,"column":83}}},"fnMap":{"0":{"name":"ZoomDescriptionModal","decl":{"start":{"line":12,"column":24},"end":{"line":12,"column":45}},"loc":{"start":{"line":18,"column":30},"end":{"line":73,"column":null}},"line":18},"1":{"name":"(anonymous_1)","decl":{"start":{"line":26,"column":49},"end":{"line":26,"column":50}},"loc":{"start":{"line":26,"column":56},"end":{"line":26,"column":null}},"line":26},"2":{"name":"(anonymous_2)","decl":{"start":{"line":50,"column":27},"end":{"line":50,"column":33}},"loc":{"start":{"line":50,"column":33},"end":{"line":50,"column":null}},"line":50},"3":{"name":"(anonymous_3)","decl":{"start":{"line":50,"column":47},"end":{"line":50,"column":48}},"loc":{"start":{"line":50,"column":48},"end":{"line":50,"column":105}},"line":50},"4":{"name":"(anonymous_4)","decl":{"start":{"line":60,"column":27},"end":{"line":60,"column":33}},"loc":{"start":{"line":60,"column":33},"end":{"line":60,"column":null}},"line":60},"5":{"name":"(anonymous_5)","decl":{"start":{"line":60,"column":47},"end":{"line":60,"column":48}},"loc":{"start":{"line":60,"column":48},"end":{"line":60,"column":83}},"line":60}},"branchMap":{"0":{"loc":{"start":{"line":19,"column":2},"end":{"line":19,"column":null}},"type":"if","locations":[{"start":{"line":19,"column":2},"end":{"line":19,"column":null}},{"start":{},"end":{}}],"line":19},"1":{"loc":{"start":{"line":43,"column":17},"end":{"line":43,"column":null}},"type":"binary-expr","locations":[{"start":{"line":43,"column":17},"end":{"line":43,"column":51}},{"start":{"line":43,"column":51},"end":{"line":43,"column":null}}],"line":43},"2":{"loc":{"start":{"line":47,"column":13},"end":{"line":66,"column":null}},"type":"binary-expr","locations":[{"start":{"line":47,"column":13},"end":{"line":47,"column":null}},{"start":{"line":48,"column":14},"end":{"line":66,"column":null}}],"line":47}},"s":{"0":12,"1":1,"2":11,"3":6,"4":2,"5":2,"6":2,"7":2},"f":{"0":12,"1":6,"2":2,"3":2,"4":2,"5":2},"b":{"0":[1,11],"1":[11,0],"2":[12,10]},"meta":{"lastBranch":3,"lastFunction":6,"lastStatement":8,"seen":{"f:12:24:12:45":0,"b:19:2:19:Infinity:undefined:undefined:undefined:undefined":0,"s:19:2:19:Infinity":0,"s:19:13:19:Infinity":1,"s:21:2:71:Infinity":2,"f:26:49:26:50":1,"s:26:56:26:Infinity":3,"b:43:17:43:51:43:51:43:Infinity":1,"b:47:13:47:Infinity:48:14:66:Infinity":2,"f:50:27:50:33":2,"s:50:33:50:Infinity":4,"f:50:47:50:48":3,"s:50:48:50:105":5,"f:60:27:60:33":4,"s:60:33:60:Infinity":6,"f:60:47:60:48":5,"s:60:48:60:83":7}}}
,"C:\\Users\\DINH\\OneDrive\\Documents\\PokeGames\\FrontEnd\\src\\app\\design\\colors.ts": {"path":"C:\\Users\\DINH\\OneDrive\\Documents\\PokeGames\\FrontEnd\\src\\app\\design\\colors.ts","statementMap":{"0":{"start":{"line":16,"column":22},"end":{"line":138,"column":null}}},"fnMap":{},"branchMap":{},"s":{"0":10},"f":{},"b":{},"meta":{"lastBranch":0,"lastFunction":0,"lastStatement":1,"seen":{"s:16:22:138:Infinity":0}}}
,"C:\\Users\\DINH\\OneDrive\\Documents\\PokeGames\\FrontEnd\\src\\app\\hooks\\useGameState.ts": {"path":"C:\\Users\\DINH\\OneDrive\\Documents\\PokeGames\\FrontEnd\\src\\app\\hooks\\useGameState.ts","statementMap":{"0":{"start":{"line":62,"column":26},"end":{"line":62,"column":null}},"1":{"start":{"line":63,"column":32},"end":{"line":63,"column":null}},"2":{"start":{"line":64,"column":38},"end":{"line":64,"column":null}},"3":{"start":{"line":65,"column":38},"end":{"line":65,"column":null}},"4":{"start":{"line":66,"column":46},"end":{"line":66,"column":null}},"5":{"start":{"line":67,"column":46},"end":{"line":67,"column":null}},"6":{"start":{"line":68,"column":54},"end":{"line":68,"column":null}},"7":{"start":{"line":69,"column":38},"end":{"line":69,"column":null}},"8":{"start":{"line":70,"column":38},"end":{"line":70,"column":null}},"9":{"start":{"line":71,"column":32},"end":{"line":71,"column":null}},"10":{"start":{"line":72,"column":40},"end":{"line":72,"column":null}},"11":{"start":{"line":73,"column":36},"end":{"line":73,"column":null}},"12":{"start":{"line":74,"column":32},"end":{"line":74,"column":null}},"13":{"start":{"line":76,"column":8},"end":{"line":76,"column":null}},"14":{"start":{"line":78,"column":8},"end":{"line":78,"column":null}},"15":{"start":{"line":79,"column":2},"end":{"line":79,"column":null}},"16":{"start":{"line":79,"column":20},"end":{"line":79,"column":47}},"17":{"start":{"line":81,"column":8},"end":{"line":139,"column":null}},"18":{"start":{"line":82,"column":4},"end":{"line":82,"column":null}},"19":{"start":{"line":82,"column":19},"end":{"line":82,"column":null}},"20":{"start":{"line":83,"column":4},"end":{"line":83,"column":null}},"21":{"start":{"line":84,"column":4},"end":{"line":84,"column":null}},"22":{"start":{"line":85,"column":4},"end":{"line":138,"column":null}},"23":{"start":{"line":86,"column":16},"end":{"line":86,"column":null}},"24":{"start":{"line":87,"column":6},"end":{"line":87,"column":null}},"25":{"start":{"line":88,"column":6},"end":{"line":88,"column":null}},"26":{"start":{"line":89,"column":6},"end":{"line":89,"column":null}},"27":{"start":{"line":90,"column":6},"end":{"line":94,"column":null}},"28":{"start":{"line":96,"column":22},"end":{"line":96,"column":null}},"29":{"start":{"line":97,"column":6},"end":{"line":97,"column":null}},"30":{"start":{"line":99,"column":27},"end":{"line":99,"column":null}},"31":{"start":{"line":100,"column":24},"end":{"line":100,"column":null}},"32":{"start":{"line":102,"column":6},"end":{"line":106,"column":null}},"33":{"start":{"line":103,"column":8},"end":{"line":103,"column":null}},"34":{"start":{"line":104,"column":8},"end":{"line":104,"column":null}},"35":{"start":{"line":105,"column":8},"end":{"line":105,"column":null}},"36":{"start":{"line":108,"column":6},"end":{"line":108,"column":null}},"37":{"start":{"line":109,"column":6},"end":{"line":109,"column":null}},"38":{"start":{"line":110,"column":6},"end":{"line":110,"column":null}},"39":{"start":{"line":111,"column":6},"end":{"line":111,"column":null}},"40":{"start":{"line":112,"column":20},"end":{"line":112,"column":null}},"41":{"start":{"line":113,"column":6},"end":{"line":113,"column":null}},"42":{"start":{"line":115,"column":31},"end":{"line":118,"column":null}},"43":{"start":{"line":120,"column":6},"end":{"line":125,"column":null}},"44":{"start":{"line":121,"column":8},"end":{"line":121,"column":null}},"45":{"start":{"line":122,"column":8},"end":{"line":122,"column":null}},"46":{"start":{"line":123,"column":8},"end":{"line":123,"column":null}},"47":{"start":{"line":123,"column":27},"end":{"line":123,"column":47}},"48":{"start":{"line":124,"column":8},"end":{"line":124,"column":null}},"49":{"start":{"line":127,"column":6},"end":{"line":127,"column":null}},"50":{"start":{"line":128,"column":6},"end":{"line":128,"column":null}},"51":{"start":{"line":129,"column":6},"end":{"line":129,"column":null}},"52":{"start":{"line":131,"column":6},"end":{"line":133,"column":null}},"53":{"start":{"line":132,"column":8},"end":{"line":132,"column":null}},"54":{"start":{"line":134,"column":6},"end":{"line":134,"column":null}},"55":{"start":{"line":136,"column":6},"end":{"line":136,"column":null}},"56":{"start":{"line":137,"column":6},"end":{"line":137,"column":null}},"57":{"start":{"line":142,"column":36},"end":{"line":142,"column":null}},"58":{"start":{"line":143,"column":4},"end":{"line":145,"column":null}},"59":{"start":{"line":144,"column":6},"end":{"line":144,"column":null}},"60":{"start":{"line":146,"column":4},"end":{"line":149,"column":null}},"61":{"start":{"line":147,"column":16},"end":{"line":147,"column":null}},"62":{"start":{"line":147,"column":40},"end":{"line":147,"column":52}},"63":{"start":{"line":148,"column":6},"end":{"line":148,"column":null}},"64":{"start":{"line":148,"column":13},"end":{"line":148,"column":null}},"65":{"start":{"line":150,"column":4},"end":{"line":153,"column":null}},"66":{"start":{"line":151,"column":16},"end":{"line":151,"column":null}},"67":{"start":{"line":151,"column":40},"end":{"line":151,"column":52}},"68":{"start":{"line":152,"column":6},"end":{"line":152,"column":null}},"69":{"start":{"line":154,"column":4},"end":{"line":156,"column":null}},"70":{"start":{"line":155,"column":6},"end":{"line":155,"column":null}},"71":{"start":{"line":157,"column":4},"end":{"line":159,"column":null}},"72":{"start":{"line":158,"column":6},"end":{"line":158,"column":null}},"73":{"start":{"line":160,"column":4},"end":{"line":165,"column":null}},"74":{"start":{"line":161,"column":16},"end":{"line":161,"column":null}},"75":{"start":{"line":162,"column":6},"end":{"line":164,"column":null}},"76":{"start":{"line":166,"column":4},"end":{"line":168,"column":null}},"77":{"start":{"line":167,"column":6},"end":{"line":167,"column":null}},"78":{"start":{"line":169,"column":4},"end":{"line":171,"column":null}},"79":{"start":{"line":170,"column":6},"end":{"line":170,"column":null}},"80":{"start":{"line":172,"column":4},"end":{"line":174,"column":null}},"81":{"start":{"line":173,"column":6},"end":{"line":173,"column":null}},"82":{"start":{"line":173,"column":55},"end":{"line":173,"column":61}},"83":{"start":{"line":175,"column":4},"end":{"line":175,"column":null}},"84":{"start":{"line":178,"column":2},"end":{"line":200,"column":null}}},"fnMap":{"0":{"name":"useGameState","decl":{"start":{"line":49,"column":16},"end":{"line":49,"column":29}},"loc":{"start":{"line":61,"column":23},"end":{"line":201,"column":null}},"line":61},"1":{"name":"(anonymous_1)","decl":{"start":{"line":79,"column":12},"end":{"line":79,"column":18}},"loc":{"start":{"line":79,"column":18},"end":{"line":79,"column":50}},"line":79},"2":{"name":"(anonymous_2)","decl":{"start":{"line":81,"column":35},"end":{"line":81,"column":47}},"loc":{"start":{"line":81,"column":47},"end":{"line":139,"column":5}},"line":81},"3":{"name":"(anonymous_3)","decl":{"start":{"line":123,"column":19},"end":{"line":123,"column":25}},"loc":{"start":{"line":123,"column":25},"end":{"line":123,"column":50}},"line":123},"4":{"name":"processRevealedHints","decl":{"start":{"line":141,"column":11},"end":{"line":141,"column":32}},"loc":{"start":{"line":141,"column":72},"end":{"line":176,"column":null}},"line":141},"5":{"name":"(anonymous_5)","decl":{"start":{"line":147,"column":33},"end":{"line":147,"column":34}},"loc":{"start":{"line":147,"column":40},"end":{"line":147,"column":52}},"line":147},"6":{"name":"(anonymous_6)","decl":{"start":{"line":151,"column":33},"end":{"line":151,"column":34}},"loc":{"start":{"line":151,"column":40},"end":{"line":151,"column":52}},"line":151},"7":{"name":"(anonymous_7)","decl":{"start":{"line":173,"column":48},"end":{"line":173,"column":49}},"loc":{"start":{"line":173,"column":55},"end":{"line":173,"column":61}},"line":173}},"branchMap":{"0":{"loc":{"start":{"line":82,"column":4},"end":{"line":82,"column":null}},"type":"if","locations":[{"start":{"line":82,"column":4},"end":{"line":82,"column":null}},{"start":{},"end":{}}],"line":82},"1":{"loc":{"start":{"line":89,"column":21},"end":{"line":89,"column":43}},"type":"binary-expr","locations":[{"start":{"line":89,"column":21},"end":{"line":89,"column":38}},{"start":{"line":89,"column":38},"end":{"line":89,"column":43}}],"line":89},"2":{"loc":{"start":{"line":92,"column":21},"end":{"line":92,"column":null}},"type":"binary-expr","locations":[{"start":{"line":92,"column":21},"end":{"line":92,"column":38}},{"start":{"line":92,"column":38},"end":{"line":92,"column":null}}],"line":92},"3":{"loc":{"start":{"line":99,"column":27},"end":{"line":99,"column":null}},"type":"cond-expr","locations":[{"start":{"line":99,"column":37},"end":{"line":99,"column":56}},{"start":{"line":99,"column":56},"end":{"line":99,"column":null}}],"line":99},"4":{"loc":{"start":{"line":100,"column":24},"end":{"line":100,"column":null}},"type":"binary-expr","locations":[{"start":{"line":100,"column":24},"end":{"line":100,"column":65}},{"start":{"line":100,"column":65},"end":{"line":100,"column":null}}],"line":100},"5":{"loc":{"start":{"line":102,"column":6},"end":{"line":106,"column":null}},"type":"if","locations":[{"start":{"line":102,"column":6},"end":{"line":106,"column":null}},{"start":{},"end":{}}],"line":102},"6":{"loc":{"start":{"line":110,"column":22},"end":{"line":110,"column":53}},"type":"cond-expr","locations":[{"start":{"line":110,"column":32},"end":{"line":110,"column":44}},{"start":{"line":110,"column":44},"end":{"line":110,"column":53}}],"line":110},"7":{"loc":{"start":{"line":111,"column":22},"end":{"line":111,"column":67}},"type":"cond-expr","locations":[{"start":{"line":111,"column":32},"end":{"line":111,"column":51}},{"start":{"line":111,"column":51},"end":{"line":111,"column":67}}],"line":111},"8":{"loc":{"start":{"line":112,"column":20},"end":{"line":112,"column":null}},"type":"cond-expr","locations":[{"start":{"line":112,"column":30},"end":{"line":112,"column":46}},{"start":{"line":112,"column":46},"end":{"line":112,"column":null}}],"line":112},"9":{"loc":{"start":{"line":120,"column":6},"end":{"line":125,"column":null}},"type":"if","locations":[{"start":{"line":120,"column":6},"end":{"line":125,"column":null}},{"start":{},"end":{}}],"line":120},"10":{"loc":{"start":{"line":131,"column":6},"end":{"line":133,"column":null}},"type":"if","locations":[{"start":{"line":131,"column":6},"end":{"line":133,"column":null}},{"start":{},"end":{}}],"line":131},"11":{"loc":{"start":{"line":136,"column":34},"end":{"line":136,"column":60}},"type":"binary-expr","locations":[{"start":{"line":136,"column":34},"end":{"line":136,"column":50}},{"start":{"line":136,"column":50},"end":{"line":136,"column":60}}],"line":136},"12":{"loc":{"start":{"line":143,"column":4},"end":{"line":145,"column":null}},"type":"if","locations":[{"start":{"line":143,"column":4},"end":{"line":145,"column":null}},{"start":{},"end":{}}],"line":143},"13":{"loc":{"start":{"line":143,"column":8},"end":{"line":143,"column":64}},"type":"binary-expr","locations":[{"start":{"line":143,"column":8},"end":{"line":143,"column":35}},{"start":{"line":143,"column":35},"end":{"line":143,"column":64}}],"line":143},"14":{"loc":{"start":{"line":146,"column":4},"end":{"line":149,"column":null}},"type":"if","locations":[{"start":{"line":146,"column":4},"end":{"line":149,"column":null}},{"start":{},"end":{}}],"line":146},"15":{"loc":{"start":{"line":146,"column":8},"end":{"line":146,"column":47}},"type":"binary-expr","locations":[{"start":{"line":146,"column":8},"end":{"line":146,"column":34}},{"start":{"line":146,"column":34},"end":{"line":146,"column":47}}],"line":146},"16":{"loc":{"start":{"line":148,"column":6},"end":{"line":148,"column":null}},"type":"if","locations":[{"start":{"line":148,"column":6},"end":{"line":148,"column":null}},{"start":{},"end":{}}],"line":148},"17":{"loc":{"start":{"line":150,"column":4},"end":{"line":153,"column":null}},"type":"if","locations":[{"start":{"line":150,"column":4},"end":{"line":153,"column":null}},{"start":{},"end":{}}],"line":150},"18":{"loc":{"start":{"line":150,"column":8},"end":{"line":150,"column":47}},"type":"binary-expr","locations":[{"start":{"line":150,"column":8},"end
[...]
column":null}},"29":{"start":{"line":63,"column":2},"end":{"line":68,"column":null}},"30":{"start":{"line":63,"column":15},"end":{"line":63,"column":18}},"31":{"start":{"line":64,"column":4},"end":{"line":67,"column":null}},"32":{"start":{"line":65,"column":6},"end":{"line":65,"column":null}},"33":{"start":{"line":66,"column":6},"end":{"line":66,"column":null}},"34":{"start":{"line":69,"column":2},"end":{"line":71,"column":null}},"35":{"start":{"line":70,"column":4},"end":{"line":70,"column":null}},"36":{"start":{"line":73,"column":2},"end":{"line":78,"column":null}},"37":{"start":{"line":74,"column":4},"end":{"line":77,"column":null}},"38":{"start":{"line":81,"column":2},"end":{"line":84,"column":null}},"39":{"start":{"line":93,"column":2},"end":{"line":93,"column":null}},"40":{"start":{"line":93,"column":35},"end":{"line":93,"column":null}},"41":{"start":{"line":94,"column":2},"end":{"line":94,"column":null}},"42":{"start":{"line":94,"column":35},"end":{"line":94,"column":null}},"43":{"start":{"line":95,"column":21},"end":{"line":95,"column":null}},"44":{"start":{"line":96,"column":26},"end":{"line":96,"column":null}},"45":{"start":{"line":97,"column":2},"end":{"line":97,"column":null}},"46":{"start":{"line":105,"column":2},"end":{"line":127,"column":null}},"47":{"start":{"line":106,"column":4},"end":{"line":109,"column":null}},"48":{"start":{"line":107,"column":24},"end":{"line":107,"column":null}},"49":{"start":{"line":108,"column":6},"end":{"line":108,"column":null}},"50":{"start":{"line":108,"column":74},"end":{"line":108,"column":null}},"51":{"start":{"line":110,"column":4},"end":{"line":113,"column":null}},"52":{"start":{"line":111,"column":20},"end":{"line":111,"column":null}},"53":{"start":{"line":111,"column":41},"end":{"line":111,"column":53}},"54":{"start":{"line":112,"column":6},"end":{"line":112,"column":null}},"55":{"start":{"line":112,"column":60},"end":{"line":112,"column":null}},"56":{"start":{"line":114,"column":4},"end":{"line":122,"column":null}},"57":{"start":{"line":115,"column":18},"end":{"line":115,"column":null}},"58":{"start":{"line":116,"column":6},"end":{"line":121,"column":null}},"59":{"start":{"line":117,"column":8},"end":{"line":117,"column":null}},"60":{"start":{"line":117,"column":33},"end":{"line":117,"column":45}},"61":{"start":{"line":117,"column":48},"end":{"line":117,"column":null}},"62":{"start":{"line":119,"column":22},"end":{"line":119,"column":null}},"63":{"start":{"line":119,"column":43},"end":{"line":119,"column":55}},"64":{"start":{"line":120,"column":8},"end":{"line":120,"column":null}},"65":{"start":{"line":120,"column":42},"end":{"line":120,"column":null}},"66":{"start":{"line":123,"column":4},"end":{"line":125,"column":null}},"67":{"start":{"line":124,"column":6},"end":{"line":124,"column":null}},"68":{"start":{"line":124,"column":64},"end":{"line":124,"column":null}},"69":{"start":{"line":126,"column":4},"end":{"line":126,"column":null}},"70":{"start":{"line":134,"column":16},"end":{"line":134,"column":null}},"71":{"start":{"line":135,"column":2},"end":{"line":135,"column":null}},"72":{"start":{"line":135,"column":14},"end":{"line":135,"column":null}},"73":{"start":{"line":136,"column":8},"end":{"line":136,"column":null}},"74":{"start":{"line":137,"column":2},"end":{"line":143,"column":null}},"75":{"start":{"line":139,"column":12},"end":{"line":139,"column":null}},"76":{"start":{"line":140,"column":6},"end":{"line":140,"column":null}},"77":{"start":{"line":142,"column":20},"end":{"line":142,"column":53}}},"fnMap":{"0":{"name":"generationToNumber","decl":{"start":{"line":6,"column":16},"end":{"line":6,"column":35}},"loc":{"start":{"line":6,"column":66},"end":{"line":9,"column":null}},"line":6},"1":{"name":"formatGenerations","decl":{"start":{"line":11,"column":16},"end":{"line":11,"column":34}},"loc":{"start":{"line":11,"column":91},"end":{"line":38,"column":null}},"line":11},"2":{"name":"(anonymous_2)","decl":{"start":{"line":14,"column":39},"end":{"line":14,"column":40}},"loc":{"start":{"line":14,"column":49},"end":{"line":14,"column":54}},"line":14},"3":{"name":"getGenerationsDisplay","decl":{"start":{"line":40,"column":16},"end":{"line":40,"column":38}},"loc":{"start":{"line":40,"column":114},"end":{"line":85,"column":null}},"line":40},"4":{"name":"(anonymous_4)","decl":{"start":{"line":43,"column":39},"end":{"line":43,"column":40}},"loc":{"start":{"line":43,"column":49},"end":{"line":43,"column":54}},"line":43},"5":{"name":"isHintLocked","decl":{"start":{"line":87,"column":16},"end":{"line":87,"column":null}},"loc":{"start":{"line":92,"column":11},"end":{"line":98,"column":null}},"line":92},"6":{"name":"filterHintPokemons","decl":{"start":{"line":100,"column":16},"end":{"line":100,"column":null}},"loc":{"start":{"line":104,"column":16},"end":{"line":128,"column":null}},"line":104},"7":{"name":"(anonymous_7)","decl":{"start":{"line":105,"column":28},"end":{"line":105,"column":29}},"loc":{"start":{"line":105,"column":35},"end":{"line":127,"column":3}},"line":105},"8":{"name":"(anonymous_8)","decl":{"start":{"line":111,"column":34},"end":{"line":111,"column":35}},"loc":{"start":{"line":111,"column":41},"end":{"line":111,"column":53}},"line":111},"9":{"name":"(anonymous_9)","decl":{"start":{"line":117,"column":26},"end":{"line":117,"column":27}},"loc":{"start":{"line":117,"column":33},"end":{"line":117,"column":45}},"line":117},"10":{"name":"(anonymous_10)","decl":{"start":{"line":119,"column":36},"end":{"line":119,"column":37}},"loc":{"start":{"line":119,"column":43},"end":{"line":119,"column":55}},"line":119},"11":{"name":"filterSearchPokemons","decl":{"start":{"line":130,"column":16},"end":{"line":130,"column":null}},"loc":{"start":{"line":133,"column":16},"end":{"line":144,"column":null}},"line":133},"12":{"name":"(anonymous_12)","decl":{"start":{"line":138,"column":12},"end":{"line":138,"column":13}},"loc":{"start":{"line":138,"column":19},"end":{"line":141,"column":5}},"line":138},"13":{"name":"(anonymous_13)","decl":{"start":{"line":142,"column":10},"end":{"line":142,"column":11}},"loc":{"start":{"line":142,"column":20},"end":{"line":142,"column":53}},"line":142}},"branchMap":{"0":{"loc":{"start":{"line":8,"column":9},"end":{"line":8,"column":null}},"type":"cond-expr","locations":[{"start":{"line":8,"column":18},"end":{"line":8,"column":49}},{"start":{"line":8,"column":49},"end":{"line":8,"column":null}}],"line":8},"1":{"loc":{"start":{"line":8,"column":18},"end":{"line":8,"column":49}},"type":"binary-expr","locations":[{"start":{"line":8,"column":18},"end":{"line":8,"column":41}},{"start":{"line":8,"column":41},"end":{"line":8,"column":49}}],"line":8},"2":{"loc":{"start":{"line":11,"column":57},"end":{"line":11,"column":91}},"type":"default-arg","locations":[{"start":{"line":11,"column":76},"end":{"line":11,"column":91}}],"line":11},"3":{"loc":{"start":{"line":12,"column":2},"end":{"line":12,"column":null}},"type":"if","locations":[{"start":{"line":12,"column":2},"end":{"line":12,"column":null}},{"start":{},"end":{}}],"line":12},"4":{"loc":{"start":{"line":12,"column":6},"end":{"line":12,"column":48}},"type":"binary-expr","locations":[{"start":{"line":12,"column":6},"end":{"line":12,"column":22}},{"start":{"line":12,"column":22},"end":{"line":12,"column":48}}],"line":12},"5":{"loc":{"start":{"line":15,"column":17},"end":{"line":15,"column":null}},"type":"cond-expr","locations":[{"start":{"line":15,"column":27},"end":{"line":15,"column":35}},{"start":{"line":15,"column":35},"end":{"line":15,"column":null}}],"line":15},"6":{"loc":{"start":{"line":17,"column":2},"end":{"line":19,"column":null}},"type":"if","locations":[{"start":{"line":17,"column":2},"end":{"line":19,"column":null}},{"start":{},"end":{}}],"line":17},"7":{"loc":{"start":{"line":17,"column":6},"end":{"line":17,"column":65}},"type":"binary-expr","locations":[{"start":{"line":17,"column":6},"end":{"line":17,"column":29}},{"start":{"line":17,"column":29},"end":{"line":17,"column":48}},{"start":{"line":17,"column":48},"end":{"line":17,"column":65}}],"line":17},"8":{"loc":{"start":{"line":21,"column":2},"end":{"line":23,"column":null}},"type":"if","locations":[{"start":{"line":21,"column":2},"end":{"line":23,"column":null}},{"start":{},"end":{}}],"line":21},"9":{"loc":{"start":{"line":27,"column":4},"end":{"line":30,"column":null}},"type":"if","locations":[{"start":{"line":27,"column":4},"end":{"line":30,"column":null}},{"start":{},"end":{}}],"line":27},"10":{"loc":{"start":{"line":33,"column":2},"end":{"line":35,"column":null}},"type":"if","locations":[{"start":{"line":33,"column":2},"end":{"line":35,"column":null}},{"start":{},"end":{}}],"line":33},"11":{"loc":{"start":{"line":41,"column":2},"end":{"line":41,"column":null}},"type":"if","locations":[{"start":{"line":41,"column":2},"end":{"line":41,"column":null}},{"start":{},"end":{}}],"line":41},"12":{"loc":{"start":{"line":41,"column":6},"end":{"line":41,"column":48}},"type":"binary-expr","locations":[{"start":{"line":41,"column":6},"end":{"line":41,"column":22}},{"start":{"line":41,"column":22},"end":{"line":41,"column":48}}],"line":41},"13":{"loc":{"start":{"line":46,"column":2},"end":{"line":51,"column":null}},"type":"if","locations":[{"start":{"line":46,"column":2},"end":{"line":51,"column":null}},{"start":{},"end":{}}],"line":46},"14":{"loc":{"start":{"line":46,"column":6},"end":{"line":46,"column":65}},"type":"binary-expr","locations":[{"start":{"line":46,"column":6},"end":{"line":46,"column":29}},{"start":{"line":46,"column":29},"end":{"line":46,"column":48}},{"start":{"line":46,"column":48},"end":{"line":46,"column":65}}],"line":46},"15":{"loc":{"start":{"line":54,"column":2},"end":{"line":59,"column":null}},"type":"if","locations":[{"start":{"line":54,"column":2},"end":{"line":59,"column":null}},{"start":{},"end":{}}],"line":54},"16":{"loc":{"start":{"line":64,"column":4},"end":{"line":67,"column":null}},"type":"if","locations":[{"start":{"line":64,"column":4},"end":{"line":67,"column":null}},{"start":{},"end":{}}],"line":64},"17":{"loc":{"start":{"line":69,"column":2},"end":{"line":71,"column":null}},"type":"if","locations":[{"start":{"line":69,"column":2},"end":{"line":71,"column":null}},{"start":{},"end":{}}],"line":69},"18":{"loc":{"start":{"line":73,"column":2},"end":{"line":78,"column":null}},"type":"if","locations":[{"start":{"line":73,"column":2},"end":{"line":78,"column":null}},{"start":{},"end":{}}],"line":73},"19":{"loc":{"start":{"line":93,"column":2},"end":{"line":93,"column":null}},"type":"if","locations":[{"start":{"line":93,"column":2},"end":{"line":93,"column":null}},{"start":{},"end":{}}],"line":93},"20":{"loc":{"start":{"line":94,"column":2},"end":{"line":94,"column":null}},"type":"if","locations":[{"start":{"line":94,"column":2},"end":{"line":94,"column":null}},{"start":{},"end":{}}],"line":94},"21":{"loc":{"start":{"line":95,"column":21},"end":{"line":95,"column":null}},"type":"binary-expr","locations":[{"start":{"line":95,"column":21},"end":{"line":95,"column":48}},{"start":{"line":95,"column":48},"end":{"line":95,"column":null}}],"line":95},"22":{"loc":{"start":{"line":106,"column":4},"end":{"line":109,"column":null}},"type":"if","locations":[{"start":{"line":106,"column":4},"end":{"line":109,"column":null}},{"start":{},"end":{}}],"line":106},"23":{"loc":{"start":{"line":107,"column":24},"end":{"line":107,"column":null}},"type":"cond-expr","locations":[{"start":{"line":107,"column":47},"end":{"line":107,"column":89}},{"start":{"line":107,"column":89},"end":{"line":107,"column":null}}],"line":107},"24":{"loc":{"start":{"line":108,"column":6},"end":{"line":108,"column":null}},"type":"if","locations":[{"start":{"line":108,"column":6},"end":{"line":108,"column":null}},{"start":{},"end":{}}],"line":108},"25":{"loc":{"start":{"line":108,"column":10},"end":{"line":108,"column":74}},"type":"binary-expr","locations":[{"start":{"line":108,"column":10},"end":{"line":108,"column":32}},{"start":{"line":108,"column":32},"end":{"line":108,"column":74}}],"line":108},"26":{"loc":{"start":{"line":110,"column":4},"end":{"line":113,"column":null}},"type":"if","locations":[{"start":{"line":110,"column":4},"end":{"line":113,"column":null}},{"start":{},"end":{}}],"line":110},"27":{"loc":{"start":{"line":112,"column":6},"end":{"line":112,"column":null}},"type":"if","locations":[{"start":{"line":112,"column":6},"end":{"line":112,"column":null}},{"start":{},"end":{}}],"line":112},"28":{"loc":{"start":{"line":112,"column":10},"end":{"line":112,"column":60}},"type":"binary-expr","locations":[{"start":{"line":112,"column":10},"end":{"line":112,"column":20}},{"start":{"line":112,"column":20},"end":{"line":112,"column":60}}],"line":112},"29":{"loc":{"start":{"line":114,"column":4},"end":{"line":122,"column":null}},"type":"if","locations":[{"start":{"line":114,"column":4},"end":{"line":122,"column":null}},{"start":{},"end":{}}],"line":114},"30":{"loc":{"start":{"line":116,"column":6},"end":{"line":121,"column":null}},"type":"if","locations":[{"start":{"line":116,"column":6},"end":{"line":121,"column":null}},{"start":{"line":118,"column":13},"end":{"line":121,"column":null}}],"line":116},"31":{"loc":{"start":{"line":117,"column":8},"end":{"line":117,"column":null}},"type":"if","locations":[{"start":{"line":117,"column":8},"end":{"line":117,"column":null}},{"start":{},"end":{}}],"line":117},"32":{"loc":{"start":{"line":120,"column":8},"end":{"line":120,"column":null}},"type":"if","locations":[{"start":{"line":120,"column":8},"end":{"line":120,"column":null}},{"start":{},"end":{}}],"line":120},"33":{"loc":{"start":{"line":120,"column":12},"end":{"line":120,"column":42}},"type":"binary-expr","locations":[{"start":{"line":120,"column":12},"end":{"line":120,"column":22}},{"start":{"line":120,"column":22},"end":{"line":120,"column":42}}],"line":120},"34":{"loc":{"start":{"line":123,"column":4},"end":{"line":125,"column":null}},"type":"if","locations":[{"start":{"line":123,"column":4},"end":{"line":125,"column":null}},{"start":{},"end":{}}],"line":123},"35":{"loc":{"start":{"line":124,"column":6},"end":{"line":124,"column":null}},"type":"if","locations":[{"start":{"line":124,"column":6},"end":{"line":124,"column":null}},{"start":{},"end":{}}],"line":124},"36":{"loc":{"start":{"line":135,"column":2},"end":{"line":135,"column":null}},"type":"if","locations":[{"start":{"line":135,"column":2},"end":{"line":135,"column":null}},{"start":{},"end":{}}],"line":135},"37":{"loc":{"start":{"line":140,"column":13},"end":{"line":140,"column":null}},"type":"binary-expr","locations":[{"start":{"line":140,"column":13},"end":{"line":140,"column":52}},{"start":{"line":140,"column":52},"end":{"line":140,"column":null}}],"line":140}},"s":{"0":7,"1":7,"2":7,"3":1,"4":6,"5":15,"6":6,"7":7,"8":1,"9":5,"10":2,"11":3,"12":3,"13":3,"14":5,"15":1,"16":1,"17":3,"18":2,"19":1,"20":7,"21":2,"22":5,"23":14,"24":5,"25":1,"26":4,"27":1,"28":3,"29":3,"30":3,"31":6,"32":1,"33":1,"34":3,"35":2,"36":3,"37":1,"38":2,"39":6,"40":1,"41":5,"42":1,"43":4,"44":6,"45":6,"46":7,"47":15,"48":2,"49":2,"50":0,"51":15,"52":3,"53":3,"54":3,"55":2,"56":13,"57":5,"58":5,"59":2,"60":3,"61":1,"62":3,"63":5,"64":3,"65":2,"66":10,"67":2,"68":1,"69":9,"70":4,"71":4,"72":1,"73":3,"74":3,"75":9,"76":9,"77":0},"f":{"0":7,"1":7,"2":15,"3":7,"4":14,"5":6,"6":7,"7":15,"8":3,"9":3,"10":5,"11":4,"12":9,"13":0},"b":{"0":[5,2],"1":[5,0],"2":[7],"3":[1,6],"4":[7,7],"5":[1,5],"6":[1,6],"7":[7,1,1],"8":[2,3],"9":[1,4],"10":[2,1],"11":[2,5],"12":[7,6],"13":[1,4],"14":[5,1,1],"15":[1,3],"16":[1,5],"17":[2,1],"18":[1,2],"19":[1,5],"20":[1,4],"21":[4,0],"22":[2,13],"23":[2,0],"24":[0,2],"25":[2,2],"26":[3,12],"27":[2,1],"28":[3,3],"29":[5,8],"30":[2,3],"31":[1,1],"32":[2,1],"33":[3,2],"34":[2,8],"35":[1,1],"36":[1,3],"37":[9,8]},"meta":{"lastBranch":38,"lastFunction":14,"lastStatement":78,"seen":{"f:6:16:6:35":0,"s:7:16:7:Infinity":0,"s:8:2:8:Infinity":1,"b:8:18:8:49:8:49:8:Infinity":0,"b:8:18:8:41:8:41:8:49":1,"f:11:16:11:34":1,"b:11:76:11:91":2,"b:12:2:12:Infinity:undefined:undefined:undefined:undefined":3,"s:12:2:12:Infinity":2,"b:12:6:12:22:12:22:12:48":4,"s:12:48:12:Infinity":3,"s:14:17:14:Infinity":4,"f:14:39:14:40":2,"s:14:49:14:54":5,"s:15:17:15:Infinity":6,"b:15:27:15:35:15:35:15:Infinity":5,"b:17:2:19:Infinity:undefined:undefined:undefined:undefined":6,"s:17:2:19:Infinity":7,"b:17:6:17:29:17:29:17:48:17:48:17:65":7,"s:18:4:18:Infinity":8,"b:21:2:23:Infinity:undefined:undefined:undefined:undefined":8,"s:21:2:23:Infinity":9,"s:22:4:22:Infinity":10,"s:25:22:25:Infinity":11,"s:26:2:31:Infinity":12,"s:26:15:26:18":13,"b:27:4:30:Infinity:undefined:undefined:undefined:undefined":9,"s:27:4:30:Infinity":14,"s:28:6:28:Infinity":15,"s:29:6:29:Infinity":16,"b:33:2:35:Infinity:undefined:undefined:undefined:undefined":10,"s:33:2:35:Infinity":17,"s:34:4:34:Infinity":18,"s:37:2:37:Infinity":19,"f:40:16:40:38":3,"b:41:2:41:Infinity:undefined:undefined:undefined:undefined":11,"s:41:2:41:Infinity":20,"b:41:6:41:22:41:22:41:48":12,"s:41:48:41:Infinity":21,"s:43:17:43:Infinity":22,"f:43:39:43:40":4,"s:43:49:43:54":23,"b:46:2:51:Infinity:undefined:undefined:undefined:undefined":13,"s:46:2:51:Infinity":24,"b:46:6:46:29:46:29:46:48:46:48:46:65":14,"s:47:4:50:Infinity":25,"b:54:2:59:Infinity:undefined:undefined:undefined:undefined":15,"s:54:2:59:Infinity":26,"s:55:4:58:Infinity":27,"s:62:31:62:Infinity":28,"s:63:2:68:Infinity":29,"s:63:15:63:18":30,"b:64:4:67:Infinity:undefined:undefined:undefined:undefined":16,"s:64:4:67:Infinity":31,"s:65:6:65:Infinity":32,"s:66:6:66:Infinity":33,"b:69:2:71:Infinity:undefined:undefined:undefined:undefined":17,"s:69:2:71:Infinity":34,"s:70:4:70:Infinity":35,"b:73:2:78:Infinity:undefined:undefined:undefined:undefined":18,"s:73:2:78:Infinity":36,"s:74:4:77:Infinity":37,"s:81:2:84:Infinity":38,"f:87:16:87:Infinity":5,"b:93:2:93:Infinity:undefined:undefined:undefined:undefined":19,"s:93:2:93:Infinity":39,"s:93:35:93:Infinity":40,"b:94:2:94:Infinity:undefined:undefined:undefined:undefined":20,"s:94:2:94:Infinity":41,"s:94:35:94:Infinity":42,"s:95:21:95:Infinity":43,"b:95:21:95:48:95:48:95:Infinity":21,"s:96:26:96:Infinity":44,"s:97:2:97:Infinity":45,"f:100:16:100:Infinity":6,"s:105:2:127:Infinity":46,"f:105:28:105:29":7,"b:106:4:109:Infinity:undefined:undefined:undefined:undefined":22,"s:106:4:109:Infinity":47,"s:107:24:107:Infinity":48,"b:107:47:107:89:107:89:107:Infinity":23,"b:108:6:108:Infinity:undefined:undefined:undefined:undefined":24,"s:108:6:108:Infinity":49,"b:108:10:108:32:108:32:108:74":25,"s:108:74:108:Infinity":50,"b:110:4:113:Infinity:undefined:undefined:undefined:undefined":26,"s:110:4:113:Infinity":51,"s:111:20:111:Infinity":52,"f:111:34:111:35":8,"s:111:41:111:53":53,"b:112:6:112:Infinity:undefined:undefined:undefined:undefined":27,"s:112:6:112:Infinity":54,"b:112:10:112:20:112:20:112:60":28,"s:112:60:112:Infinity":55,"b:114:4:122:Infinity:undefined:undefined:undefined:undefined":29,"s:114:4:122:Infinity":56,"s:115:18:115:Infinity":57,"b:116:6:121:Infinity:118:13:121:Infinity":30,"s:116:6:121:Infinity":58,"b:117:8:117:Infinity:undefined:undefined:undefined:undefined":31,"s:117:8:117:Infinity":59,"f:117:26:117:27":9,"s:117:33:117:45":60,"s:117:48:117:Infinity":61,"s:119:22:119:Infinity":62,"f:119:36:119:37":10,"s:119:43:119:55":63,"b:120:8:120:Infinity:undefined:undefined:undefined:undefined":32,"s:120:8:120:Infinity":64,"b:120:12:120:22:120:22:120:42":33,"s:120:42:120:Infinity":65,"b:123:4:125:Infinity:undefined:undefined:undefined:undefined":34,"s:123:4:125:Infinity":66,"b:124:6:124:Infinity:undefined:undefined:undefined:undefined":35,"s:124:6:124:Infinity":67,"s:124:64:124:Infinity":68,"s:126:4:126:Infinity":69,"f:130:16:130:Infinity":11,"s:134:16:134:Infinity":70,"b:135:2:135:Infinity:undefined:undefined:undefined:undefined":36,"s:135:2:135:Infinity":71,"s:135:14:135:Infinity":72,"s:136:8:136:Infinity":73,"s:137:2:143:Infinity":74,"f:138:12:138:13":12,"s:139:12:139:Infinity":75,"s:140:6:140:Infinity":76,"b:140:13:140:52:140:52:140:Infinity":37,"f:142:10:142:11":13,"s:142:20:142:53":77}}}
}
